error:  -16.00
value of H at the initial condition:  -1.3362071584596453
numerical integration starts...
      0.240 20   0.0
    271.462 20   2.0
    541.558 20   7.0
    811.703 20   7.0
   1082.560 20   7.0
   1352.016 20  10.0
   1622.826 20  10.0
   1893.263 20  11.0
   2163.125 20   9.0
   2434.295 20   5.0
   2704.428 20   9.0
   2974.538 20  11.0
   3245.490 20  11.0
   3514.971 20  14.0
   3785.915 20  12.0
   4056.163 20  13.0
   4325.895 20  12.0
   4597.003 20  11.0
   4866.734 20  11.0
   5137.184 20  10.0
   5408.307 20   8.0
   5678.304 20   8.0
   5949.132 20  11.0
   6219.457 20  10.0
   6489.108 20  13.0
   6760.373 20  10.0
   7030.028 20   9.0
   7300.336 20  13.0
   7571.239 20  15.0
   7841.399 20  14.0
   8111.920 20  13.0
   8382.284 20  14.0
   8652.211 20  14.0
   8923.348 20  12.0
   9193.444 20  14.0
   9463.005 20  17.0
   9734.022 20  16.0
  10003.802 20  16.0
  10274.453 20  13.0
  10545.252 20  15.0
  10815.070 20  14.0
  11086.367 20  10.0
  11356.606 20  12.0
  11626.165 20   9.0
  11897.615 20   9.0
  12166.860 20   9.0
  12437.596 20   8.0
  12708.253 20  10.0
  12978.273 20   8.0
  13249.227 20   6.0
  13519.256 20   7.0
  13789.403 20  10.0
  14060.469 20  13.0
  14330.434 20  12.0
  14600.610 20  11.0
  14871.315 20   8.0
  15140.910 20   9.0
  15411.733 20   9.0
  15682.007 20  11.0
  15951.969 20  11.0
  16223.428 20  12.0
  16493.746 20   8.0
  16763.638 20  11.0
  17034.641 20  15.0
  17304.039 20  18.0
  17575.055 20  21.0
  17845.401 20  22.0
  18115.059 20  19.0
  18386.283 20  20.0
  18656.209 20  21.0
  18926.573 20  20.0
  19197.539 20  26.0
  19467.344 20  27.0
  19738.368 20  26.0
  20008.633 20  23.0
  20278.144 20  22.0
  20549.359 20  22.0
  20818.977 20  19.0
  21089.332 20  17.0
  21360.508 20  14.0
  21630.735 20  18.0
  21901.179 20  21.0
  22171.598 20  20.0
  22441.288 20  18.0
  22712.345 20  19.0
  22982.518 20  16.0
  23252.146 20  12.0
  23523.176 20  11.0
  23793.172 20  11.0
  24063.759 20   8.0
  24334.424 20  10.0
  24604.238 20  11.0
  24875.459 20   9.0
  25145.833 20   9.0
  25415.281 20   8.0
  25686.618 20   6.0
  25955.865 20   7.0
  26226.583 20   8.0
  26497.354 20   9.0
  26767.287 20  12.0
  27038.335 20  10.0
  27308.560 20   9.0
  27578.445 20   9.0
  27849.437 20  11.0
  28119.368 20  12.0
  28389.670 20  13.0
  28660.149 20  13.0
  28930.114 20  13.0
  29200.899 20  12.0
  29471.238 20  11.0
  29741.260 20  13.0
  30012.487 20  16.0
  30282.916 20  16.0
  30552.838 20  20.0
  30823.708 20  19.0
  31092.918 20  21.0
  31364.023 20  24.0
  31634.519 20  25.0
  31903.940 20  26.0
  32175.524 20  28.0
  32445.676 20  27.0
  32715.879 20  27.0
  32986.742 20  23.0
  33256.433 20  23.0
  33527.441 20  20.0
  33797.664 20  22.0
  34067.165 20  21.0
  34338.374 20  24.0
  34608.246 20  22.0
  34878.660 20  25.0
  35149.612 20  27.0
  35419.882 20  29.0
  35690.590 20  30.0
  35961.021 20  30.0
  36230.492 20  32.0
  36501.638 20  31.0
  36771.787 20  35.0
  37041.416 20  37.0
  37312.557 20  36.0
  37582.646 20  36.0
  37853.184 20  40.0
  38123.772 20  43.0
  38393.438 20  44.0
  38664.570 20  40.0
  38934.917 20  37.0
  39204.448 20  38.0
  39475.660 20  40.0
  39745.171 20  39.0
  40015.881 20  39.0
  40286.597 20  39.0
  40556.293 20  40.0
  40827.580 20  36.0
  41097.913 20  39.0
  41367.620 20  37.0
  41638.711 20  41.0
  41908.298 20  39.0
  42178.764 20  42.0
  42449.444 20  41.0
  42719.363 20  40.0
  42990.206 20  41.0
  43260.595 20  44.0
  43530.588 20  40.0
  43801.435 20  41.0
  44071.721 20  42.0
  44341.698 20  41.0
  44612.440 20  44.0
  44882.010 20  45.0
  45152.807 20  41.0
  45423.333 20  40.0
  45693.007 20  41.0
  45964.241 20  40.0
  46234.699 20  39.0
  46504.608 20  37.0
  46775.673 20  35.0
  47044.913 20  33.0
  47315.872 20  36.0
  47586.369 20  35.0
  47855.860 20  33.0
  48127.080 20  30.0
  48397.281 20  30.0
  48667.617 20  31.0
  48938.358 20  30.0
  49208.431 20  32.0
  49479.118 20  32.0
  49749.733 20  31.0
  50019.141 20  33.0
  50290.023 20  32.0
  50560.285 20  35.0
  50830.322 20  34.0
  51101.265 20  36.0
  51371.509 20  36.0
  51641.965 20  34.0
  51912.817 20  33.0
  52182.070 20  31.0
  52453.184 20  35.0
  52723.690 20  31.0
  52993.000 20  32.0
  53264.248 20  37.0
  53534.101 20  36.0
  53804.700 20  35.0
  54075.410 20  37.0
  54345.128 20  42.0
  54616.280 20  45.0
  54886.802 20  47.0
  55156.419 20  46.0
  55427.541 20  46.0
  55697.000 20  43.0
  55967.622 20  45.0
  56238.290 20  45.0
  56508.086 20  42.0
  56779.177 20  39.0
  57049.737 20  35.0
  57319.542 20  38.0
  57590.453 20  41.0
  57860.660 20  43.0
  58130.566 20  48.0
  58401.299 20  48.0
  58670.988 20  49.0
  58941.838 20  51.0
  59212.475 20  52.0
  59482.291 20  52.0
  59753.310 20  48.0
  60023.728 20  45.0
  60293.746 20  45.0
  60564.860 20  42.0
  60833.877 20  43.0
  61104.734 20  46.0
  61375.456 20  47.0
  61644.945 20  44.0
  61916.365 20  48.0
  62186.689 20  49.0
  62456.943 20  49.0
  62727.688 20  51.0
  62997.497 20  47.0
  63268.105 20  46.0
  63538.666 20  45.0
  63808.107 20  44.0
  64078.937 20  45.0
  64349.294 20  48.0
  64619.475 20  50.0
  64890.240 20  51.0
  65160.472 20  52.0
  65431.017 20  52.0
  65701.927 20  53.0
  65971.084 20  53.0
  66241.948 20  51.0
  66512.567 20  50.0
  66781.995 20  49.0
  67053.198 20  51.0
  67323.295 20  51.0
  67593.956 20  51.0
  67864.719 20  53.0
  68134.194 20  56.0
  68405.127 20  57.0
  68675.667 20  60.0
  68945.299 20  60.0
  69216.285 20  64.0
  69485.989 20  65.0
  69756.562 20  65.0
  70027.296 20  68.0
  70297.113 20  68.0
  70567.969 20  66.0
  70838.666 20  63.0
  71108.313 20  61.0
  71379.160 20  60.0
  71649.005 20  60.0
  71919.036 20  60.0
  72190.049 20  62.0
  72459.802 20  60.0
  72730.670 20  59.0
  73001.512 20  57.0
  73271.129 20  63.0
  73541.936 20  66.0
  73812.326 20  63.0
  74082.105 20  62.0
  74353.266 20  61.0
  74622.581 20  65.0
  74893.355 20  64.0
  75164.032 20  62.0
  75433.837 20  63.0
  75704.695 20  66.0
  75975.094 20  65.0
  76245.241 20  68.0
  76516.265 20  69.0
  76785.377 20  69.0
  77055.964 20  64.0
  77326.767 20  62.0
  77596.483 20  60.0
  77867.487 20  57.0
  78138.228 20  56.0
  78408.425 20  60.0
  78679.203 20  60.0
  78949.306 20  60.0
  79219.606 20  61.0
  79490.586 20  61.0
  79759.881 20  62.0
  80030.544 20  60.0
  80301.163 20  62.0
  80571.013 20  64.0
  80841.909 20  63.0
  81112.013 20  66.0
  81382.512 20  68.0
  81653.748 20  65.0
  81922.803 20  64.0
  82193.802 20  61.0
  82464.491 20  57.0
  82733.941 20  57.0
  83005.209 20  59.0
  83275.095 20  59.0
  83545.686 20  60.0
  83816.503 20  60.0
  84086.377 20  60.0
  84356.994 20  60.0
  84627.602 20  61.0
  84897.333 20  64.0
  85168.154 20  66.0
  85438.103 20  68.0
  85708.305 20  66.0
  85979.162 20  64.0
  86248.995 20  68.0
  86519.744 20  65.0
  86790.805 20  67.0
  87060.383 20  68.0
  87331.242 20  67.0
  87601.681 20  65.0
  87871.218 20  66.0
  88142.476 20  65.0
  88411.880 20  69.0
  88682.740 20  70.0
  88953.619 20  70.0
  89223.368 20  70.0
  89494.190 20  69.0
  89764.472 20  66.0
  90034.669 20  63.0
  90305.855 20  62.0
  90574.896 20  63.0
  90845.586 20  63.0
  91116.367 20  63.0
  91386.011 20  62.0
  91656.900 20  57.0
  91927.382 20  58.0
  92197.621 20  57.0
  92468.564 20  54.0
  92738.486 20  51.0
  93008.614 20  49.0
  93279.555 20  48.0
  93548.991 20  48.0
  93819.774 20  49.0
  94090.340 20  50.0
  94360.341 20  51.0
  94631.153 20  52.0
  94901.232 20  50.0
  95171.460 20  49.0
  95442.724 20  49.0
  95711.852 20  52.0
  95982.600 20  50.0
  96253.103 20  53.0
  96522.878 20  57.0
  96793.891 20  58.0
  97063.754 20  56.0
  97334.494 20  53.0
  97605.629 20  53.0
  97875.356 20  52.0
  98145.986 20  50.0
  98416.653 20  51.0
  98686.371 20  51.0
  98957.268 20  49.0
  99227.117 20  51.0
  99497.472 20  49.0
  99768.315 20  46.0
 100038.272 20  48.0
 100308.646 20  50.0
 100579.621 20  49.0
 100849.210 20  48.0
 101120.023 20  48.0
 101390.270 20  51.0
 101659.967 20  50.0
 101931.172 20  47.0
 102200.728 20  47.0
 102471.513 20  48.0
 102742.716 20  52.0
 103012.404 20  52.0
 103283.231 20  51.0
 103553.581 20  53.0
 103823.481 20  50.0
 104094.745 20  53.0
 104363.907 20  54.0
 104634.448 20  56.0
 104905.250 20  57.0
 105175.179 20  58.0
 105445.886 20  55.0
 105716.222 20  49.0
 105986.411 20  44.0
 106257.481 20  45.0
 106527.183 20  46.0
 106797.227 20  46.0
 107068.171 20  49.0
 107337.741 20  50.0
 107608.495 20  50.0
 107879.379 20  50.0
 108149.292 20  51.0
 108420.265 20  48.0
 108690.426 20  42.0
 108960.252 20  43.0
 109231.529 20  43.0
 109500.701 20  39.0
 109771.445 20  37.0
 110042.095 20  37.0
 110311.984 20  36.0
 110583.044 20  39.0
 110852.960 20  39.0
 111123.373 20  39.0
 111394.645 20  37.0
 111664.118 20  34.0
 111934.665 20  32.0
 112205.193 20  34.0
 112474.898 20  36.0
 112745.994 20  35.0
 113015.927 20  40.0
 113286.472 20  39.0
 113557.502 20  36.0
 113827.608 20  35.0
 114097.856 20  38.0
 114368.624 20  37.0
 114638.305 20  37.0
 114909.109 20  39.0
 115179.211 20  39.0
 115449.096 20  35.0
 115720.141 20  34.0
 115989.985 20  38.0
 116260.505 20  35.0
 116531.584 20  36.0
 116801.178 20  35.0
 117072.187 20  37.0
 117342.451 20  37.0
 117612.038 20  38.0
 117883.475 20  33.0
 118152.699 20  34.0
 118423.393 20  31.0
 118694.464 20  29.0
 118964.418 20  30.0
 119235.095 20  33.0
 119505.294 20  32.0
 119775.289 20  35.0
 120046.389 20  31.0
 120316.023 20  29.0
 120586.186 20  27.0
 120857.038 20  27.0
 121126.951 20  27.0
 121397.537 20  28.0
 121668.197 20  28.0
 121938.213 20  23.0
 122209.345 20  20.0
 122479.417 20  20.0
 122748.876 20  18.0
 123020.353 20  17.0
 123289.570 20  19.0
 123560.260 20  20.0
 123831.209 20  23.0
 124101.025 20  20.0
 124372.100 20  20.0
 124642.120 20  21.0
 124911.986 20  23.0
 125183.361 20  20.0
 125452.740 20  22.0
 125723.237 20  23.0
 125993.795 20  25.0
 126263.733 20  22.0
 126534.604 20  20.0
 126804.664 20  20.0
 127074.995 20  21.0
 127346.254 20  21.0
 127616.361 20  22.0
 127886.513 20  21.0
 128157.375 20  23.0
 128426.850 20  21.0
 128697.646 20  26.0
 128968.064 20  25.0
 129238.048 20  27.0
 129509.188 20  28.0
 129779.238 20  27.0
 130049.347 20  26.0
 130320.299 20  25.0
 130589.876 20  27.0
 130860.762 20  31.0
 131130.987 20  28.0
 131400.704 20  34.0
 131671.851 20  38.0
 131941.541 20  36.0
 132211.982 20  35.0
 132483.114 20  32.0
 132753.082 20  31.0
 133023.967 20  29.0
 133294.311 20  30.0
 133563.994 20  30.0
 133835.208 20  25.0
 134104.876 20  27.0
 134375.153 20  27.0
 134646.033 20  23.0
 134916.196 20  21.0
 135186.729 20  21.0
 135457.076 20  22.0
 135727.038 20  18.0
 135998.165 20  17.0
 136268.242 20  20.0
 136537.815 20  19.0
 136808.822 20  17.0
 137078.613 20  18.0
 137349.266 20  23.0
 137620.065 20  21.0
 137889.857 20  22.0
 138161.174 20  23.0
 138431.433 20  20.0
 138700.951 20  22.0
 138972.417 20  17.0
 139241.608 20  18.0
 139512.342 20  17.0
 139783.056 20  19.0
 140052.981 20  22.0
 140323.900 20  24.0
 140593.932 20  22.0
 140864.000 20  26.0
 141135.134 20  25.0
 141405.107 20  22.0
 141675.278 20  24.0
 141945.819 20  29.0
 142215.620 20  30.0
 142486.455 20  27.0
 142756.692 20  28.0
 143026.694 20  27.0
 143297.998 20  26.0
 143568.334 20  21.0
 143838.134 20  17.0
 144109.188 20  12.0
 144378.451 20  12.0
 144649.445 20   9.0
 144919.872 20  10.0
 145189.468 20  12.0
 145460.756 20   8.0
 145730.790 20   3.0
 146001.067 20   5.0
 146271.896 20   6.0
 146541.629 20   1.0
 146812.505 20   1.0
 147082.797 20   1.0
 147352.438 20  -3.0
 147623.501 20  -4.0
 147893.327 20  -3.0
 148163.650 20  -3.0
 148434.753 20  -4.0
 148705.042 20  -4.0
 148975.434 20  -5.0
 149245.927 20  -7.0
 149515.330 20 -13.0
 149786.468 20 -16.0
 150056.748 20 -17.0
 150326.312 20 -17.0
 150597.513 20 -15.0
 150867.683 20 -12.0
 151138.145 20 -12.0
 151408.825 20  -9.0
 151678.574 20  -8.0
 151949.669 20  -9.0
 152220.009 20 -15.0
 152489.469 20 -13.0
 152760.660 20 -17.0
 153030.209 20 -15.0
 153300.770 20 -19.0
 153571.540 20 -20.0
 153841.505 20 -21.0
 154112.625 20 -23.0
 154382.956 20 -25.0
 154652.585 20 -20.0
 154923.675 20 -17.0
 155193.581 20 -16.0
 155463.803 20 -13.0
 155734.463 20 -12.0
 156004.540 20  -9.0
 156275.268 20  -8.0
 156545.695 20  -6.0
 156815.648 20  -8.0
 157086.777 20  -7.0
 157357.207 20  -4.0
 157627.121 20 -10.0
 157898.057 20  -7.0
 158167.367 20  -1.0
 158438.159 20   0.0
 158708.792 20   1.0
 158978.333 20  -2.0
 159249.867 20  -2.0
 159520.153 20  -1.0
 159790.150 20   0.0
 160061.130 20   3.0
 160330.659 20   6.0
 160601.618 20   4.0
 160871.997 20   3.0
 161141.623 20   3.0
 161412.696 20  -1.0
 161682.705 20   1.0
 161953.053 20   1.0
 162223.901 20   1.0
 162494.114 20   0.0
 162764.805 20   0.0
 163035.263 20   1.0
 163304.596 20   2.0
 163575.651 20  -1.0
 163845.891 20  -2.0
 164115.615 20  -5.0
 164386.834 20  -6.0
 164657.088 20  -6.0
 164927.514 20  -4.0
 165198.218 20  -5.0
 165467.687 20  -7.0
 165738.788 20  -5.0
 166009.156 20  -2.0
 166278.671 20  -6.0
 166549.858 20  -8.0
 166819.611 20 -10.0
 167090.228 20  -8.0
 167360.913 20  -6.0
 167630.646 20  -7.0
 167901.837 20 -11.0
 168172.230 20  -6.0
 168441.693 20  -8.0
 168712.846 20  -9.0
 168982.333 20  -7.0
 169252.734 20  -5.0
 169523.451 20  -4.0
 169793.563 20  -2.0
 170064.483 20  -1.0
 170334.951 20   1.0
 170604.664 20   0.0
 170875.479 20  -4.0
 171145.761 20  -5.0
 171415.534 20  -6.0
 171686.413 20  -5.0
 171956.217 20  -3.0
 172226.899 20  -7.0
 172497.495 20 -11.0
 172767.219 20 -13.0
 173038.251 20 -17.0
 173308.710 20 -18.0
 173578.412 20 -17.0
 173849.619 20 -15.0
 174118.803 20 -18.0
 174389.582 20 -15.0
 174660.195 20 -23.0
 174929.848 20 -21.0
 175201.083 20 -19.0
 175471.567 20 -21.0
 175741.687 20 -20.0
 176012.522 20 -23.0
 176282.532 20 -25.0
 176552.950 20 -29.0
 176823.608 20 -30.0
 177093.203 20 -30.0
 177364.080 20 -30.0
 177634.425 20 -27.0
 177904.498 20 -30.0
 178175.283 20 -30.0
 178445.524 20 -32.0
 178715.857 20 -31.0
 178986.808 20 -33.0
 179255.815 20 -30.0
 179526.834 20 -29.0
 179797.519 20 -27.0
 180066.924 20 -30.0
 180338.233 20 -31.0
 180608.435 20 -33.0
 180879.011 20 -33.0
 181149.791 20 -35.0
 181419.241 20 -37.0
 181690.248 20 -34.0
 181960.755 20 -33.0
 182230.324 20 -33.0
 182501.340 20 -32.0
 182771.172 20 -32.0
 183041.714 20 -33.0
 183312.323 20 -31.0
 183582.216 20 -34.0
 183853.123 20 -34.0
 184123.815 20 -32.0
 184393.359 20 -32.0
 184664.350 20 -32.0
 184934.498 20 -31.0
 185204.280 20 -29.0
 185475.208 20 -30.0
 185745.058 20 -33.0
 186015.933 20 -34.0
 186286.761 20 -36.0
 186556.452 20 -36.0
 186827.382 20 -35.0
 187097.788 20 -37.0
 187367.561 20 -38.0
 187638.656 20 -38.0
 187907.984 20 -38.0
 188178.709 20 -41.0
 188449.419 20 -44.0
 188719.125 20 -46.0
 188990.298 20 -43.0
 189260.828 20 -41.0
 189530.881 20 -42.0
 189801.855 20 -44.0
 190071.514 20 -37.0
 190341.955 20 -34.0
 190612.671 20 -34.0
 190882.182 20 -39.0
 191153.141 20 -42.0
 191423.666 20 -44.0
 191693.809 20 -44.0
 191964.457 20 -45.0
 192234.675 20 -47.0
 192504.891 20 -46.0
 192775.820 20 -46.0
 193045.048 20 -45.0
 193315.805 20 -44.0
 193586.438 20 -48.0
 193856.138 20 -49.0
 194127.086 20 -44.0
 194397.302 20 -42.0
 194667.903 20 -39.0
 194938.891 20 -38.0
 195207.976 20 -39.0
 195478.929 20 -40.0
 195749.656 20 -37.0
 196019.079 20 -41.0
 196290.278 20 -42.0
 196560.260 20 -37.0
 196830.790 20 -37.0
 197101.530 20 -38.0
 197371.370 20 -35.0
 197641.971 20 -34.0
 197912.650 20 -36.0
 198182.186 20 -36.0
 198452.972 20 -33.0
 198723.148 20 -32.0
 198993.249 20 -31.0
 199264.040 20 -30.0
 199533.940 20 -28.0
 199804.676 20 -26.0
 200075.785 20 -25.0
 200345.149 20 -24.0
 200616.070 20 -26.0
 200886.535 20 -27.0
 201156.003 20 -25.0
 201427.356 20 -27.0
 201696.800 20 -30.0
 201967.668 20 -25.0
 202238.464 20 -21.0
 202508.223 20 -21.0
 202779.032 20 -20.0
 203049.444 20 -20.0
 203319.417 20 -24.0
 203590.422 20 -23.0
 203859.682 20 -23.0
 204130.236 20 -23.0
 204401.000 20 -22.0
 204670.812 20 -20.0
 204941.647 20 -21.0
 205212.417 20 -24.0
 205482.453 20 -22.0
 205753.283 20 -21.0
 206023.356 20 -21.0
 206293.280 20 -23.0
 206564.521 20 -24.0
 206833.883 20 -21.0
 207104.552 20 -23.0
 207375.364 20 -26.0
 207645.317 20 -26.0
 207916.127 20 -31.0
 208186.255 20 -29.0
 208456.425 20 -26.0
 208727.723 20 -23.0
 208996.721 20 -26.0
 209267.527 20 -26.0
 209538.256 20 -23.0
 209807.975 20 -25.0
 210079.071 20 -23.0
 210349.120 20 -27.0
 210619.682 20 -25.0
 210890.733 20 -22.0
 211160.469 20 -23.0
 211430.964 20 -21.0
 211701.727 20 -22.0
 211971.237 20 -21.0
 212242.044 20 -25.0
 212512.249 20 -22.0
 212782.474 20 -23.0
 213053.297 20 -21.0
 213323.248 20 -20.0
 213593.653 20 -20.0
 213864.749 20 -19.0
 214134.105 20 -21.0
 214404.808 20 -22.0
 214675.212 20 -22.0
 214944.847 20 -25.0
 215215.926 20 -24.0
 215485.632 20 -25.0
 215756.438 20 -26.0
 216027.684 20 -25.0
 216297.213 20 -23.0
 216568.008 20 -20.0
 216838.440 20 -21.0
 217108.156 20 -22.0
 217379.338 20 -23.0
 217648.679 20 -25.0
 217919.318 20 -24.0
 218190.122 20 -20.0
 218460.096 20 -18.0
 218730.679 20 -17.0
 219001.137 20 -19.0
 219271.118 20 -20.0
 219542.083 20 -17.0
 219811.807 20 -17.0
 220081.864 20 -18.0
 220352.889 20 -18.0
 220622.523 20 -19.0
 220893.176 20 -19.0
 221164.212 20 -17.0
 221434.072 20 -15.0
 221705.062 20 -17.0
 221975.275 20 -15.0
 222244.928 20 -15.0
 222516.342 20 -14.0
 222785.532 20 -17.0
 223056.240 20 -18.0
 223326.961 20 -19.0
 223596.914 20 -20.0
 223867.750 20 -22.0
 224137.790 20 -23.0
 224408.165 20 -23.0
 224679.266 20 -24.0
 224948.569 20 -28.0
 225219.018 20 -31.0
 225489.814 20 -32.0
 225759.601 20 -33.0
 226030.422 20 -37.0
 226300.655 20 -38.0
 226571.004 20 -39.0
 226842.118 20 -38.0
 227112.173 20 -38.0
 227381.996 20 -36.0
 227653.100 20 -31.0
 227922.412 20 -34.0
 228193.213 20 -34.0
 228463.788 20 -33.0
 228733.678 20 -33.0
 229004.721 20 -34.0
 229274.668 20 -33.0
 229544.998 20 -34.0
 229816.278 20 -37.0
 230085.645 20 -40.0
 230356.437 20 -35.0
 230626.912 20 -40.0
 230896.559 20 -42.0
 231167.850 20 -39.0
 231437.370 20 -42.0
 231707.977 20 -40.0
 231979.146 20 -35.0
 232249.074 20 -34.0
 232519.607 20 -32.0
 232790.022 20 -31.0
 233059.789 20 -32.0
 233330.876 20 -34.0
 233600.655 20 -34.0
 233870.766 20 -32.0
 234141.757 20 -33.0
 234411.702 20 -34.0
 234682.141 20 -33.0
 234952.973 20 -35.0
 235222.801 20 -36.0
 235493.969 20 -40.0
 235764.152 20 -42.0
 236033.638 20 -40.0
 236305.020 20 -39.0
 236574.310 20 -38.0
 236845.017 20 -38.0
 237116.051 20 -40.0
 237385.913 20 -38.0
 237656.851 20 -39.0
 237926.999 20 -41.0
 238197.085 20 -42.0
 238468.314 20 -45.0
 238737.745 20 -46.0
 239008.191 20 -51.0
 239278.917 20 -52.0
 239548.907 20 -51.0
 239819.693 20 -51.0
 240089.763 20 -52.0
 240360.128 20 -54.0
 240631.359 20 -52.0
 240901.504 20 -49.0
 241171.337 20 -49.0
 241442.318 20 -50.0
 241711.730 20 -50.0
 241982.591 20 -51.0
 242253.070 20 -51.0
 242522.964 20 -51.0
 242794.104 20 -52.0
 243064.183 20 -48.0
 243334.322 20 -49.0
 243605.367 20 -51.0
 243874.808 20 -49.0
 244145.622 20 -49.0
 244415.975 20 -49.0
 244685.802 20 -51.0
 244956.912 20 -48.0
 245226.633 20 -49.0
 245497.098 20 -47.0
 245768.327 20 -48.0
 246038.195 20 -48.0
 246308.818 20 -46.0
 246579.109 20 -42.0
 246848.644 20 -42.0
 247119.866 20 -41.0
 247389.722 20 -42.0
 247659.884 20 -43.0
 247930.971 20 -43.0
 248201.107 20 -45.0
 248471.438 20 -47.0
 248742.056 20 -50.0
 249011.804 20 -49.0
 249282.863 20 -49.0
 249552.941 20 -47.0
 249822.553 20 -46.0
 250093.753 20 -47.0
 250363.495 20 -51.0
 250633.986 20 -52.0
 250904.948 20 -50.0
 251174.675 20 -48.0
 251445.904 20 -46.0
 251716.020 20 -47.0
 251985.329 20 -45.0
 252256.947 20 -48.0
 252526.242 20 -44.0
 252796.743 20 -48.0
 253067.696 20 -50.0
 253337.798 20 -47.0
 253608.539 20 -46.0
 253878.796 20 -46.0
 254148.820 20 -49.0
 254419.942 20 -50.0
 254689.936 20 -45.0
 254959.913 20 -47.0
 255230.796 20 -41.0
 255500.603 20 -40.0
 255771.314 20 -37.0
 256041.729 20 -37.0
 256311.721 20 -36.0
 256583.070 20 -39.0
 256853.305 20 -37.0
 257122.901 20 -41.0
 257394.095 20 -38.0
 257663.343 20 -38.0
 257934.303 20 -43.0
 258204.836 20 -43.0
 258474.643 20 -44.0
 258745.749 20 -40.0
 259015.823 20 -37.0
 259286.062 20 -35.0
 259557.049 20 -35.0
 259826.751 20 -35.0
 260097.455 20 -35.0
 260367.817 20 -37.0
 260637.581 20 -37.0
 260908.560 20 -36.0
 261178.540 20 -38.0
 261448.778 20 -37.0
 261719.864 20 -36.0
 261990.199 20 -39.0
 262260.513 20 -39.0
 262531.047 20 -40.0
 262800.630 20 -43.0
 263071.696 20 -44.0
 263341.942 20 -48.0
 263611.503 20 -48.0
 263882.650 20 -43.0
 264152.769 20 -45.0
 264423.209 20 -42.0
 264693.953 20 -44.0
 264963.641 20 -48.0
 265234.811 20 -50.0
 265505.102 20 -50.0
 265774.418 20 -51.0
 266045.721 20 -49.0
 266315.263 20 -46.0
 266585.812 20 -43.0
 266856.720 20 -41.0
 267126.724 20 -44.0
 267397.673 20 -41.0
 267667.986 20 -44.0
 267937.536 20 -45.0
 268208.790 20 -48.0
 268478.776 20 -49.0
 268748.812 20 -48.0
 269019.595 20 -47.0
 269289.675 20 -45.0
 269560.354 20 -43.0
 269830.719 20 -41.0
 270100.603 20 -44.0
 270371.692 20 -45.0
 270642.010 20 -48.0
 270911.530 20 -51.0
 271182.650 20 -48.0
 271452.139 20 -48.0
 271722.863 20 -48.0
 271993.500 20 -51.0
 272263.159 20 -52.0
 272534.595 20 -52.0
 272804.903 20 -55.0
 273074.763 20 -54.0
 273345.729 20 -53.0
 273615.214 20 -53.0
 273885.963 20 -54.0
 274156.511 20 -55.0
 274426.341 20 -56.0
 274697.331 20 -60.0
 274967.449 20 -62.0
 275237.567 20 -60.0
 275508.435 20 -63.0
 275778.664 20 -63.0
 276048.922 20 -63.0
 276319.460 20 -63.0
 276588.944 20 -60.0
 276859.809 20 -63.0
 277130.187 20 -60.0
 277399.969 20 -56.0
 277671.230 20 -55.0
 277941.674 20 -55.0
 278211.781 20 -56.0
 278482.651 20 -58.0
 278751.778 20 -58.0
 279022.822 20 -64.0
 279293.360 20 -61.0
 279562.664 20 -64.0
 279833.989 20 -63.0
 280104.094 20 -62.0
 280374.498 20 -61.0
 280645.240 20 -60.0
 280915.054 20 -58.0
 281185.910 20 -60.0
 281456.308 20 -60.0
 281725.762 20 -57.0
 281996.706 20 -57.0
 282266.825 20 -56.0
 282537.109 20 -56.0
 282807.852 20 -56.0
 283078.055 20 -54.0
 283348.695 20 -56.0
 283619.472 20 -56.0
 283888.851 20 -55.0
 284159.862 20 -57.0
 284430.364 20 -58.0
 284699.884 20 -58.0
 284971.040 20 -56.0
 285240.994 20 -55.0
 285511.553 20 -57.0
 285782.257 20 -62.0
 286051.929 20 -67.0
 286323.043 20 -70.0
 286593.443 20 -71.0
 286862.972 20 -67.0
 287134.116 20 -69.0
 287403.596 20 -64.0
 287674.340 20 -66.0
 287945.034 20 -68.0
 288214.797 20 -68.0
 288486.018 20 -66.0
 288756.515 20 -70.0
 289026.400 20 -70.0
 289297.319 20 -68.0
 289567.423 20 -67.0
 289837.646 20 -67.0
 290108.251 20 -66.0
 290377.931 20 -64.0
 290648.738 20 -65.0
 290919.253 20 -63.0
 291189.148 20 -61.0
 291460.009 20 -59.0
 291730.377 20 -60.0
 292000.494 20 -56.0
 292271.537 20 -55.0
 292540.529 20 -54.0
 292811.444 20 -59.0
 293082.081 20 -55.0
 293351.692 20 -58.0
 293623.070 20 -60.0
 293893.373 20 -58.0
 294163.686 20 -56.0
 294434.550 20 -57.0
 294704.024 20 -57.0
 294974.836 20 -56.0
 295245.300 20 -55.0
 295514.732 20 -55.0
 295785.742 20 -53.0
 296055.865 20 -55.0
 296326.168 20 -54.0
 296596.790 20 -56.0
 296866.933 20 -59.0
 297137.561 20 -55.0
 297408.286 20 -56.0
 297677.497 20 -56.0
 297948.342 20 -58.0
 298218.778 20 -56.0
 298488.588 20 -53.0
 298759.553 20 -54.0
 299029.694 20 -56.0
 299300.303 20 -56.0
 299571.301 20 -58.0
 299840.582 20 -57.0
 300111.557 20 -59.0
 300382.095 20 -60.0
 300651.521 20 -59.0
 300922.789 20 -57.0
 301192.579 20 -60.0
 301463.189 20 -60.0
 301733.845 20 -59.0
 302003.657 20 -58.0
 302274.522 20 -57.0
 302545.108 20 -53.0
 302814.818 20 -52.0
 303085.834 20 -52.0
 303355.661 20 -55.0
 303625.968 20 -55.0
 303896.867 20 -54.0
 304166.645 20 -52.0
 304437.613 20 -50.0
 304708.364 20 -50.0
 304978.217 20 -52.0
 305248.964 20 -50.0
 305519.243 20 -50.0
 305789.030 20 -50.0
 306059.997 20 -48.0
 306329.410 20 -52.0
 306600.249 20 -54.0
 306870.971 20 -56.0
 307140.732 20 -57.0
 307411.644 20 -53.0
 307681.971 20 -52.0
 307952.363 20 -50.0
 308223.439 20 -49.0
 308492.377 20 -46.0
 308763.243 20 -48.0
 309034.045 20 -50.0
 309303.570 20 -50.0
 309574.750 20 -51.0
 309845.082 20 -52.0
 310115.462 20 -49.0
 310386.148 20 -52.0
 310656.004 20 -51.0
 310926.459 20 -52.0
 311197.171 20 -46.0
 311466.657 20 -47.0
 311737.499 20 -49.0
 312007.872 20 -47.0
 312277.915 20 -46.0
 312548.733 20 -43.0
 312818.784 20 -43.0
 313089.329 20 -40.0
 313360.534 20 -41.0
 313629.667 20 -39.0
 313900.575 20 -37.0
 314171.191 20 -34.0
 314440.581 20 -37.0
 314711.853 20 -34.0
 314981.609 20 -34.0
 315252.276 20 -33.0
 315523.180 20 -34.0
 315792.804 20 -35.0
 316063.557 20 -35.0
 316334.077 20 -32.0
 316603.754 20 -33.0
 316874.728 20 -33.0
 317144.577 20 -34.0
 317414.973 20 -32.0
 317685.800 20 -31.0
 317955.673 20 -33.0
 318226.362 20 -37.0
 318497.301 20 -34.0
 318767.061 20 -35.0
 319037.983 20 -34.0
 319308.270 20 -31.0
 319577.850 20 -33.0
 319849.081 20 -29.0
 320118.523 20 -28.0
 320389.309 20 -27.0
 320660.226 20 -25.0
 320929.957 20 -27.0
 321200.765 20 -26.0
 321471.064 20 -29.0
 321741.148 20 -30.0
 322012.236 20 -27.0
 322281.363 20 -27.0
 322552.072 20 -27.0
 322822.850 20 -30.0
 323092.650 20 -25.0
 323363.557 20 -24.0
 323633.884 20 -24.0
 323904.264 20 -28.0
 324175.276 20 -30.0
 324444.869 20 -30.0
 324715.062 20 -30.0
 324986.012 20 -28.0
 325255.409 20 -28.0
 325526.310 20 -28.0
 325796.923 20 -30.0
 326067.012 20 -31.0
 326337.793 20 -27.0
 326607.868 20 -27.0
 326878.096 20 -26.0
 327149.200 20 -26.0
 327418.383 20 -23.0
 327689.136 20 -22.0
 327959.692 20 -24.0
 328229.507 20 -22.0
 328500.495 20 -19.0
 328770.359 20 -19.0
 329041.067 20 -21.0
 329312.272 20 -24.0
 329581.662 20 -23.0
 329852.408 20 -23.0
 330123.029 20 -26.0
 330392.564 20 -26.0
 330663.828 20 -26.0
 330933.555 20 -25.0
 331204.051 20 -24.0
 331474.865 20 -24.0
 331744.846 20 -24.0
 332015.290 20 -21.0
 332286.089 20 -19.0
 332555.913 20 -17.0
 332826.807 20 -13.0
 333096.814 20 -15.0
 333366.794 20 -15.0
 333637.935 20 -16.0
 333907.588 20 -17.0
 334178.230 20 -21.0
 334449.403 20 -21.0
 334719.176 20 -20.0
 334990.029 20 -18.0
 335260.260 20 -19.0
 335529.867 20 -21.0
 335801.272 20 -23.0
 336070.478 20 -23.0
 336341.250 20 -22.0
 336612.087 20 -22.0
 336882.026 20 -29.0
 337152.877 20 -31.0
 337423.137 20 -27.0
 337693.507 20 -25.0
 337964.645 20 -25.0
 338233.992 20 -24.0
 338504.322 20 -23.0
 338775.296 20 -22.0
 339044.889 20 -22.0
 339315.775 20 -20.0
 339586.371 20 -22.0
 339856.514 20 -21.0
 340127.392 20 -24.0
 340397.439 20 -21.0
 340667.509 20 -25.0
 340938.583 20 -27.0
 341208.014 20 -23.0
 341478.670 20 -23.0
 341749.215 20 -20.0
 342019.082 20 -20.0
 342290.068 20 -16.0
 342559.947 20 -15.0
 342830.429 20 -16.0
 343101.770 20 -16.0
 343371.038 20 -15.0
 343641.863 20 -17.0
 343912.374 20 -22.0
 344181.886 20 -24.0
 344453.152 20 -25.0
 344722.646 20 -23.0
 344993.348 20 -24.0
 345264.348 20 -26.0
 345534.310 20 -30.0
 345804.732 20 -29.0
 346075.272 20 -31.0
 346345.044 20 -31.0
 346615.890 20 -30.0
 346885.843 20 -29.0
 347155.957 20 -28.0
 347426.907 20 -28.0
 347696.797 20 -26.0
 347967.242 20 -27.0
 348238.208 20 -30.0
 348507.940 20 -28.0
 348779.015 20 -25.0
 349049.217 20 -20.0
 349318.653 20 -21.0
 349590.180 20 -24.0
 349859.411 20 -24.0
 350130.125 20 -21.0
 350401.162 20 -21.0
 350671.105 20 -24.0
 350941.908 20 -23.0
 351212.046 20 -24.0
 351482.114 20 -23.0
 351753.154 20 -20.0
 352022.550 20 -14.0
 352292.968 20 -14.0
 352563.805 20 -14.0
 352833.813 20 -12.0
 353104.478 20 -11.0
 353374.789 20 -14.0
 353644.991 20 -15.0
 353916.138 20 -17.0
 354186.145 20 -17.0
 354455.698 20 -14.0
 354726.899 20  -9.0
 354996.268 20  -8.0
 355267.008 20  -9.0
 355537.922 20 -12.0
 355807.794 20  -9.0
 356078.920 20  -7.0
 356349.000 20  -7.0
 356618.995 20  -8.0
 356890.296 20 -11.0
 357159.565 20 -12.0
 357430.217 20 -13.0
 357700.769 20 -12.0
 357970.674 20 -10.0
 358241.656 20  -9.0
 358511.511 20  -7.0
 358781.855 20  -7.0
 359053.065 20  -8.0
 359322.895 20  -7.0
 359593.284 20  -7.0
 359863.892 20  -4.0
 360133.406 20  -3.0
 360404.426 20  -4.0
 360674.619 20  -5.0
 360944.746 20  -6.0
 361215.845 20  -9.0
 361485.968 20  -7.0
 361756.134 20  -8.0
 362027.011 20  -9.0
 362296.581 20  -8.0
 362567.474 20  -8.0
 362837.756 20 -10.0
 363107.500 20  -9.0
 363378.717 20 -12.0
 363648.436 20 -14.0
 363918.829 20 -13.0
 364189.937 20  -6.0
 364459.745 20 -10.0
 364730.752 20  -8.0
 365000.960 20  -5.0
 365270.424 20  -8.0
 365541.860 20 -11.0
 365811.306 20 -10.0
 366081.830 20  -9.0
 366352.851 20 -12.0
 366623.006 20 -10.0
 366893.626 20  -8.0
 367163.846 20 -13.0
 367433.909 20 -10.0
 367705.027 20 -11.0
 367975.052 20 -11.0
 368244.806 20 -16.0
 368515.750 20 -17.0
 368785.550 20 -17.0
 369056.183 20 -16.0
 369326.762 20 -16.0
 369596.624 20 -16.0
 369867.945 20 -13.0
 370138.214 20 -11.0
 370407.773 20  -8.0
 370679.117 20  -5.0
 370948.266 20  -2.0
 371219.101 20  -4.0
 371489.812 20  -9.0
 371759.763 20  -9.0
 372030.793 20  -8.0
 372300.808 20 -10.0
 372570.992 20 -11.0
 372842.092 20 -14.0
 373111.787 20 -17.0
 373382.232 20 -20.0
 373652.611 20 -23.0
 373922.396 20 -19.0
 374193.297 20 -21.0
 374463.298 20 -20.0
 374733.459 20 -17.0
 375004.750 20 -17.0
 375275.083 20 -16.0
 375545.087 20 -19.0
 375815.824 20 -15.0
 376085.094 20 -13.0
 376356.150 20 -11.0
 376626.559 20 -11.0
 376896.120 20  -9.0
 377167.516 20  -7.0
 377437.589 20  -6.0
 377707.753 20  -4.0
 377978.667 20  -5.0
 378248.259 20  -4.0
 378519.253 20  -5.0
 378789.490 20  -7.0
 379059.051 20  -8.0
 379330.319 20  -6.0
 379600.090 20  -3.0
 379870.472 20  -3.0
 380141.436 20   0.0
 380411.555 20   1.0
 380682.303 20   1.0
 380952.747 20  -1.0
 381222.206 20   0.0
 381493.500 20   1.0
 381763.598 20   4.0
 382033.474 20   3.0
 382304.583 20   7.0
 382574.699 20   4.0
 382845.232 20   5.0
 383115.726 20   6.0
 383385.608 20   9.0
 383656.769 20   7.0
 383926.974 20  11.0
 384196.343 20  11.0
 384467.469 20  13.0
 384737.086 20  14.0
 385007.761 20  17.0
 385278.500 20  19.0
 385548.300 20  20.0
 385819.618 20  18.0
 386089.939 20  19.0
 386359.757 20  15.0
 386630.852 20  14.0
 386900.361 20  13.0
 387170.927 20  12.0
 387441.540 20  10.0
 387711.534 20   8.0
 387982.373 20  11.0
 388252.616 20  12.0
 388522.710 20  13.0
 388793.633 20  13.0
 389063.847 20  11.0
 389333.961 20   8.0
 389604.552 20  11.0
 389874.173 20  14.0
 390145.032 20  17.0
 390415.491 20  20.0
 390685.156 20  25.0
 390956.473 20  28.0
 391226.899 20  25.0
 391497.010 20  27.0
 391767.946 20  24.0
 392037.261 20  23.0
 392308.315 20  20.0
 392578.744 20  21.0
 392848.192 20  21.0
 393119.411 20  19.0
 393389.378 20  18.0
 393659.736 20  17.0
 393930.496 20  19.0
 394200.421 20  19.0
 394471.291 20  23.0
 394741.663 20  24.0
 395011.024 20  22.0
 395282.125 20  20.0
 395552.255 20  23.0
 395822.355 20  24.0
 396093.465 20  22.0
 396363.689 20  24.0
 396634.244 20  26.0
 396904.869 20  27.0
 397174.295 20  25.0
 397445.332 20  24.0
 397715.693 20  20.0
 397985.093 20  22.0
 398256.290 20  23.0
 398526.218 20  20.0
 398796.764 20  20.0
 399067.415 20  21.0
 399337.101 20  17.0
 399608.286 20  18.0
 399878.636 20  15.0
 400148.158 20  18.0
 400419.172 20  20.0
 400688.781 20  15.0
 400959.395 20  14.0
 401230.146 20  16.0
 401500.060 20  16.0
 401771.198 20  15.0
 402041.616 20  17.0
 402311.460 20  17.0
 402582.343 20  15.0
 402852.502 20  18.0
 403122.395 20  16.0
 403393.174 20  12.0
 403662.989 20  11.0
 403933.745 20  12.0
 404204.295 20  15.0
 404474.081 20  16.0
 404745.009 20  20.0
 405015.471 20  23.0
 405285.302 20  22.0
 405556.403 20  17.0
 405825.559 20  19.0
 406096.487 20  18.0
 406367.180 20  18.0
 406636.630 20  20.0
 406907.953 20  21.0
 407178.357 20  22.0
 407448.561 20  20.0
 407719.430 20  22.0
 407989.053 20  22.0
 408259.732 20  22.0
 408530.245 20  22.0
 408799.796 20  24.0
 409070.721 20  24.0
 409341.044 20  27.0
 409611.297 20  25.0
 409881.966 20  27.0
 410152.132 20  23.0
 410422.587 20  21.0
 410693.348 20  20.0
 410962.646 20  22.0
 411233.525 20  24.0
 411504.132 20  22.0
 411773.778 20  19.0
 412045.005 20  22.0
 412315.222 20  24.0
 412585.634 20  23.0
 412856.546 20  23.0
 413126.021 20  24.0
 413397.028 20  23.0
 413667.440 20  24.0
 413936.900 20  23.0
 414207.999 20  24.0
 414477.818 20  27.0
 414748.441 20  27.0
 415019.117 20  23.0
 415288.980 20  23.0
 415560.017 20  22.0
 415830.734 20  25.0
 416100.435 20  25.0
 416371.341 20  22.0
 416641.207 20  24.0
 416911.340 20  25.0
 417182.255 20  27.0
 417451.990 20  27.0
 417722.815 20  24.0
 417993.551 20  27.0
 418263.325 20  27.0
 418534.206 20  26.0
 418804.526 20  25.0
 419074.304 20  24.0
 419345.338 20  26.0
 419614.666 20  28.0
 419885.455 20  28.0
 420156.116 20  24.0
 420425.891 20  23.0
 420697.021 20  24.0
 420967.495 20  22.0
 421237.772 20  21.0
 421508.767 20  20.0
 421777.915 20  23.0
 422048.801 20  24.0
 422319.478 20  22.0
 422588.882 20  22.0
 422860.020 20  22.0
 423130.326 20  23.0
 423400.561 20  27.0
 423671.219 20  27.0
 423941.343 20  29.0
 424211.751 20  29.0
 424482.466 20  29.0
 424751.793 20  31.0
 425022.577 20  32.0
 425293.076 20  32.0
 425562.985 20  31.0
 425833.836 20  31.0
 426104.014 20  30.0
 426374.531 20  31.0
 426645.652 20  29.0
 426914.674 20  33.0
 427185.634 20  37.0
 427456.335 20  37.0
 427725.652 20  35.0
 427997.037 20  35.0
 428266.987 20  39.0
 428537.564 20  36.0
 428808.292 20  37.0
 429078.053 20  36.0
 429348.801 20  36.0
 429619.371 20  32.0
 429888.982 20  27.0
 430159.773 20  25.0
 430429.721 20  22.0
 430700.049 20  19.0
 430970.831 20  19.0
 431240.789 20  18.0
 431511.571 20  20.0
 431782.529 20  21.0
 432052.111 20  23.0
 432322.915 20  21.0
 432593.276 20  22.0
 432862.720 20  26.0
 433133.872 20  27.0
 433403.438 20  20.0
 433674.322 20  17.0
 433945.223 20  18.0
 434214.949 20  19.0
 434485.771 20  23.0
 434756.118 20  23.0
 435026.208 20  26.0
 435297.318 20  25.0
 435566.418 20  27.0
 435837.161 20  25.0
 436107.917 20  24.0
 436377.698 20  25.0
 436648.656 20  27.0
 436919.191 20  31.0
 437189.451 20  29.0
 437460.257 20  31.0
 437729.999 20  32.0
 438000.155 20  31.0
 438271.093 20  33.0
 438540.548 20  31.0
 438811.497 20  28.0
 439082.090 20  29.0
 439352.106 20  29.0
 439622.832 20  31.0
 439892.964 20  32.0
 440163.240 20  34.0
 440434.478 20  32.0
 440703.503 20  36.0
 440974.207 20  40.0
 441244.817 20  43.0
 441514.610 20  42.0
 441785.683 20  39.0
 442055.620 20  38.0
 442326.199 20  40.0
 442597.365 20  41.0
 442866.703 20  42.0
 443137.413 20  40.0
 443408.081 20  40.0
 443677.509 20  39.0
 443948.627 20  43.0
 444218.761 20  47.0
 444489.189 20  46.0
 444760.008 20  45.0
 445029.976 20  45.0
 445300.394 20  45.0
 445571.276 20  41.0
 445840.872 20  37.0
 446111.759 20  38.0
 446382.027 20  39.0
 446651.779 20  40.0
 446922.839 20  37.0
 447192.550 20  37.0
 447463.219 20  40.0
 447734.456 20  38.0
 448003.943 20  39.0
 448274.806 20  38.0
 448545.226 20  35.0
 448814.879 20  32.0
 449086.095 20  29.0
 449355.429 20  30.0
 449626.141 20  32.0
 449897.007 20  34.0
 450166.927 20  39.0
 450437.655 20  42.0
 450708.003 20  41.0
 450978.171 20  41.0
 451249.235 20  38.0
 451518.659 20  36.0
 451788.877 20  32.0
 452059.807 20  33.0
 452329.450 20  34.0
 452600.182 20  32.0
 452871.073 20  30.0
 453141.021 20  29.0
 453411.928 20  30.0
 453682.064 20  34.0
 453951.875 20  33.0
 454223.114 20  31.0
 454492.297 20  32.0
 454763.076 20  34.0
 455033.829 20  30.0
 455303.723 20  31.0
 455574.624 20  29.0
 455844.642 20  30.0
 456115.034 20  31.0
 456386.267 20  26.0
 456655.458 20  26.0
 456926.114 20  28.0
 457196.745 20  28.0
 457466.499 20  28.0
 457737.603 20  33.0
 458007.532 20  31.0
 458278.053 20  29.0
 458549.081 20  24.0
 458819.048 20  27.0
 459089.262 20  29.0
 459360.161 20  32.0
 459629.681 20  33.0
 459900.446 20  34.0
 460170.647 20  37.0
 460440.695 20  40.0
 460711.732 20  40.0
 460981.691 20  39.0
 461252.014 20  41.0
 461523.193 20  41.0
 461792.728 20  38.0
 462063.662 20  38.0
 462333.961 20  38.0
 462603.563 20  37.0
 462874.886 20  43.0
 463144.268 20  39.0
 463415.030 20  43.0
 463686.215 20  40.0
 463956.072 20  39.0
 464226.789 20  35.0
 464497.164 20  36.0
 464767.162 20  36.0
 465038.234 20  37.0
 465307.669 20  41.0
 465577.988 20  39.0
 465848.897 20  40.0
 466118.849 20  37.0
 466389.477 20  39.0
 466660.096 20  38.0
 466930.152 20  38.0
 467201.203 20  39.0
 467471.204 20  47.0
 467740.803 20  46.0
 468012.187 20  50.0
 468281.513 20  52.0
 468552.205 20  54.0
 468823.155 20  52.0
 469092.977 20  51.0
 469363.942 20  52.0
 469634.068 20  50.0
 469904.183 20  50.0
 470175.470 20  50.0
 470444.637 20  49.0
 470715.266 20  51.0
 470985.890 20  51.0
 471255.733 20  52.0
 471526.690 20  52.0
 471796.554 20  51.0
 472066.961 20  52.0
 472338.136 20  51.0
 472608.051 20  49.0
 472878.256 20  44.0
 473148.915 20  43.0
 473418.465 20  45.0
 473689.460 20  43.0
 473959.790 20  43.0
 474229.927 20  44.0
 474501.016 20  43.0
 474771.094 20  44.0
 475041.236 20  41.0
 475312.182 20  39.0
 475581.728 20  38.0
 475852.491 20  36.0
 476122.754 20  37.0
 476392.471 20  38.0
 476663.670 20  36.0
 476933.405 20  33.0
 477203.850 20  35.0
 477474.977 20  38.0
 477744.766 20  38.0
 478015.638 20  40.0
 478285.824 20  35.0
 478555.424 20  35.0
 478826.618 20  35.0
 479096.141 20  34.0
 479366.601 20  36.0
 479637.763 20  35.0
 479907.948 20  36.0
 480178.410 20  34.0
 480448.826 20  35.0
 480718.741 20  34.0
 480989.724 20  35.0
 481259.697 20  34.0
 481529.387 20  30.0
 481800.389 20  32.0
 482070.251 20  30.0
 482340.781 20  28.0
 482611.548 20  30.0
 482881.320 20  31.0
 483152.681 20  34.0
 483422.896 20  27.0
 483692.153 20  31.0
 483963.623 20  32.0
 484232.827 20  32.0
 484503.484 20  32.0
 484774.491 20  35.0
 485044.466 20  31.0
 485315.360 20  34.0
 485585.491 20  35.0
 485855.403 20  38.0
 486126.507 20  33.0
 486396.195 20  35.0
 486666.396 20  37.0
 486937.122 20  36.0
 487207.078 20  35.0
 487477.795 20  34.0
 487748.143 20  34.0
 488018.216 20  33.0
 488289.515 20  32.0
 488559.747 20  31.0
 488829.426 20  29.0
 489100.618 20  29.0
 489369.927 20  28.0
 489640.882 20  32.0
 489911.547 20  31.0
 490181.319 20  35.0
 490452.610 20  32.0
 490722.643 20  31.0
 490992.734 20  28.0
 491263.772 20  27.0
 491533.466 20  30.0
 491804.243 20  34.0
 492074.476 20  35.0
 492344.172 20  31.0
 492615.264 20  32.0
 492885.132 20  33.0
 493155.521 20  36.0
 493426.659 20  34.0
 493696.938 20  32.0
 493967.477 20  28.0
 494237.978 20  28.0
 494507.674 20  27.0
 494778.657 20  26.0
 495048.748 20  25.0
 495318.543 20  24.0
 495589.595 20  24.0
 495859.683 20  26.0
 496130.108 20  25.0
 496400.711 20  25.0
 496670.498 20  26.0
 496941.612 20  25.0
 497211.860 20  25.0
 497481.252 20  24.0
 497752.478 20  25.0
 498022.056 20  25.0
 498292.674 20  27.0
 498563.533 20  26.0
 498833.483 20  27.0
 499104.679 20  27.0
 499374.908 20  28.0
 499644.614 20  32.0
 499915.822 20  28.0
 500185.420 20  26.0
 500455.805 20  26.0
 500726.499 20  23.0
 500996.479 20  27.0
 501267.196 20  29.0
 501537.499 20  29.0
 501807.464 20  26.0
 502078.534 20  27.0
 502348.743 20  26.0
 502618.536 20  29.0
 502889.399 20  31.0
 503158.942 20  36.0
 503429.743 20  34.0
 503700.302 20  37.0
 503970.026 20  35.0
 504241.489 20  33.0
 504511.826 20  30.0
 504781.621 20  27.0
 505052.704 20  28.0
 505321.959 20  27.0
 505592.901 20  22.0
 505863.334 20  21.0
 506132.904 20  18.0
 506404.136 20  15.0
 506674.239 20  12.0
 506944.432 20  12.0
 507215.257 20  15.0
 507485.276 20  16.0
 507755.831 20  18.0
 508026.293 20  17.0
 508295.770 20  12.0
 508566.671 20  12.0
 508836.913 20  18.0
 509106.925 20  17.0
 509378.093 20  16.0
 509648.545 20  15.0
 509918.782 20  15.0
 510189.564 20  16.0
 510458.896 20  15.0
 510730.019 20  16.0
 511000.387 20  15.0
 511269.652 20  17.0
 511540.929 20  17.0
 511810.997 20  16.0
 512081.459 20  16.0
 512352.195 20  21.0
 512621.948 20  23.0
 512892.990 20  16.0
 513163.366 20  15.0
 513432.871 20  18.0
 513703.905 20  18.0
 513973.644 20  21.0
 514244.135 20  20.0
 514514.929 20  22.0
 514785.054 20  24.0
 515055.897 20  23.0
 515326.463 20  20.0
 515596.016 20  21.0
 515867.003 20  21.0
 516137.272 20  25.0
 516407.034 20  28.0
 516677.889 20  30.0
 516947.849 20  33.0
 517218.514 20  36.0
 517489.170 20  36.0
 517758.902 20  35.0
 518029.935 20  33.0
 518300.422 20  34.0
 518570.134 20  34.0
 518841.280 20  32.0
 519110.485 20  30.0
 519381.247 20  30.0
 519651.902 20  30.0
 519921.593 20  31.0
 520192.977 20  35.0
 520463.345 20  35.0
 520733.273 20  35.0
 521004.137 20  34.0
 521273.885 20  36.0
 521544.401 20  37.0
 521814.970 20  38.0
 522084.618 20  38.0
 522355.587 20  39.0
 522626.014 20  38.0
 522896.102 20  38.0
 523166.977 20  40.0
 523437.264 20  41.0
 523707.577 20  44.0
 523978.435 20  47.0
 524247.554 20  46.0
 524518.591 20  48.0
 524789.206 20  49.0
 525058.688 20  48.0
 525330.023 20  51.0
 525600.301 20  48.0
 525870.640 20  48.0
 526141.472 20  49.0
 526410.859 20  48.0
 526681.919 20  48.0
 526952.292 20  47.0
 527221.772 20  45.0
 527492.783 20  46.0
 527762.807 20  46.0
 528033.296 20  47.0
 528303.979 20  46.0
 528573.959 20  51.0
 528844.865 20  50.0
 529115.425 20  52.0
 529384.884 20  54.0
 529655.780 20  56.0
 529925.958 20  56.0
 530195.847 20  56.0
 530466.796 20  53.0
 530736.856 20  53.0
 531007.589 20  49.0
 531278.418 20  49.0
 531547.903 20  48.0
 531818.790 20  46.0
 532089.272 20  44.0
 532358.923 20  44.0
 532630.080 20  43.0
 532899.666 20  45.0
 533170.407 20  44.0
 533441.064 20  43.0
 533710.753 20  43.0
 533981.771 20  43.0
 534252.251 20  44.0
 534522.107 20  42.0
 534793.157 20  43.0
 535062.452 20  43.0
 535333.031 20  44.0
 535603.793 20  45.0
 535873.440 20  43.0
 536144.471 20  43.0
 536415.166 20  43.0
 536685.240 20  44.0
 536955.914 20  41.0
 537226.065 20  43.0
 537496.076 20  45.0
 537766.893 20  48.0
 538036.449 20  46.0
 538307.212 20  44.0
 538577.885 20  44.0
 538847.721 20  41.0
 539118.586 20  39.0
 539388.871 20  37.0
 539659.246 20  34.0
 539930.454 20  38.0
 540199.439 20  41.0
 540470.432 20  40.0
 540741.042 20  37.0
 541010.412 20  37.0
 541281.680 20  37.0
 541551.885 20  37.0
 541822.386 20  41.0
 542093.163 20  40.0
 542362.996 20  40.0
 542633.723 20  39.0
 542904.398 20  39.0
 543173.959 20  39.0
 543444.759 20  39.0
 543714.865 20  38.0
 543985.104 20  39.0
 544255.889 20  44.0
 544525.813 20  43.0
 544796.481 20  42.0
 545067.547 20  44.0
 545336.871 20  43.0
 545607.754 20  44.0
 545878.271 20  39.0
 546147.659 20  42.0
 546418.955 20  44.0
 546688.570 20  49.0
 546959.317 20  48.0
 547230.166 20  45.0
 547499.740 20  45.0
 547770.589 20  42.0
 548041.071 20  44.0
 548310.949 20  46.0
 548582.004 20  50.0
 548851.391 20  49.0
 549122.017 20  47.0
 549392.732 20  48.0
 549662.502 20  47.0
 549933.355 20  51.0
 550204.016 20  48.0
 550473.946 20  50.0
 550744.749 20  48.0
 551014.792 20  51.0
 551284.724 20  51.0
 551555.742 20  49.0
 551825.208 20  49.0
 552096.130 20  48.0
 552367.013 20  48.0
 552636.917 20  49.0
 552907.733 20  49.0
 553177.993 20  50.0
 553448.110 20  52.0
 553719.313 20  51.0
 553988.343 20  50.0
 554259.102 20  49.0
 554529.825 20  49.0
 554799.522 20  50.0
 555070.624 20  49.0
 555340.773 20  52.0
 555611.283 20  50.0
 555882.276 20  46.0
 556151.719 20  49.0
 556422.360 20  51.0
 556693.080 20  50.0
 556962.446 20  47.0
 557233.387 20  47.0
 557503.722 20  47.0
 557774.018 20  53.0
 558044.825 20  57.0
 558314.897 20  53.0
 558585.301 20  55.0
 558856.234 20  52.0
 559125.621 20  54.0
 559396.312 20  54.0
 559666.714 20  53.0
 559936.497 20  50.0
 560207.404 20  50.0
 560477.284 20  50.0
 560747.951 20  52.0
 561019.183 20  50.0
 561288.509 20  49.0
 561559.452 20  50.0
 561829.964 20  53.0
 562099.610 20  54.0
 562370.850 20  55.0
 562640.292 20  55.0
 562911.008 20  54.0
 563181.865 20  53.0
 563451.751 20  51.0
 563722.364 20  50.0
 563992.903 20  50.0
 564262.828 20  51.0
 564533.685 20  46.0
 564803.414 20  49.0
 565073.590 20  50.0
 565344.497 20  53.0
 565614.227 20  50.0
 565884.880 20  48.0
 566156.065 20  47.0
 566425.845 20  50.0
 566696.691 20  49.0
 566966.868 20  51.0
 567236.456 20  50.0
 567507.933 20  52.0
 567777.035 20  52.0
 568047.868 20  50.0
 568318.734 20  49.0
 568588.656 20  48.0
 568859.557 20  50.0
 569129.644 20  50.0
 569399.863 20  53.0
 569671.105 20  53.0
 569940.305 20  53.0
 570210.788 20  53.0
 570481.509 20  52.0
 570751.252 20  52.0
 571022.137 20  51.0
 571292.569 20  52.0
 571562.966 20  55.0
 571834.026 20  51.0
 572104.017 20  46.0
 572374.163 20  48.0
 572645.214 20  48.0
 572914.666 20  49.0
 573185.328 20  49.0
 573455.824 20  50.0
 573725.738 20  55.0
 573996.683 20  55.0
 574266.664 20  54.0
 574537.005 20  53.0
 574808.237 20  53.0
 575077.457 20  58.0
 575348.268 20  59.0
 575618.743 20  60.0
 575888.374 20  58.0
 576159.525 20  56.0
 576429.130 20  56.0
 576699.822 20  55.0
 576971.036 20  56.0
 577240.937 20  57.0
 577511.482 20  59.0
 577781.957 20  58.0
 578051.770 20  59.0
 578322.736 20  55.0
 578592.442 20  54.0
 578862.754 20  51.0
 579133.665 20  49.0
 579403.643 20  48.0
 579674.112 20  51.0
 579944.859 20  54.0
 580214.679 20  54.0
 580485.738 20  58.0
 580755.843 20  55.0
 581025.509 20  59.0
 581296.758 20  58.0
 581566.174 20  59.0
 581836.945 20  64.0
 582108.032 20  65.0
 582377.923 20  63.0
 582648.817 20  62.0
 582918.940 20  62.0
 583188.973 20  62.0
 583460.198 20  62.0
 583729.426 20  60.0
 584000.023 20  60.0
 584270.724 20  62.0
 584540.700 20  66.0
 584811.580 20  64.0
 585081.627 20  66.0
 585351.995 20  64.0
 585623.123 20  64.0
 585892.987 20  60.0
 586162.990 20  59.0
 586434.072 20  63.0
 586703.423 20  62.0
 586974.240 20  59.0
 587244.770 20  55.0
 587514.812 20  53.0
 587785.936 20  53.0
 588056.033 20  50.0
 588326.054 20  53.0
 588597.229 20  55.0
 588866.647 20  52.0
 589137.440 20  53.0
 589407.839 20  47.0
 589677.651 20  47.0
 589948.746 20  48.0
 590218.467 20  46.0
 590488.999 20  47.0
 590760.324 20  42.0
 591030.041 20  46.0
 591300.800 20  48.0
 591571.242 20  49.0
 591840.897 20  51.0
 592112.080 20  55.0
 592381.664 20  58.0
 592652.016 20  57.0
 592923.052 20  57.0
 593193.117 20  53.0
 593463.472 20  57.0
 593734.081 20  57.0
 594003.901 20  57.0
 594274.862 20  57.0
 594544.913 20  58.0
 594814.629 20  59.0
 595085.768 20  63.0
 595355.465 20  64.0
 595626.049 20  64.0
 595897.189 20  64.0
 596166.921 20  65.0
 596438.023 20  65.0
 596708.266 20  66.0
 596977.940 20  68.0
 597249.401 20  69.0
 597518.505 20  69.0
 597789.155 20  72.0
 598059.976 20  75.0
 598329.972 20  74.0
 598600.829 20  71.0
 598870.845 20  71.0
 599141.024 20  70.0
 599412.112 20  72.0
 599681.888 20  70.0
 599951.988 20  71.0
 600222.656 20  74.0
 600492.532 20  74.0
 600763.297 20  72.0
 601033.730 20  71.0
 601303.875 20  71.0
 601575.211 20  66.0
 601845.429 20  67.0
 602115.233 20  65.0
 602386.347 20  66.0
 602655.693 20  64.0
 602926.645 20  69.0
 603197.062 20  73.0
 603466.817 20  73.0
 603738.005 20  74.0
 604007.910 20  72.0
 604278.209 20  73.0
 604549.290 20  75.0
 604818.948 20  75.0
 605089.788 20  74.0
 605359.934 20  75.0
 605629.653 20  78.0
 605900.687 20  75.0
 606170.424 20  80.0
 606440.823 20  81.0
 606712.117 20  83.0
 606982.377 20  80.0
 607252.705 20  81.0
 607523.231 20  84.0
 607792.936 20  81.0
 608063.897 20  79.0
 608333.967 20  76.0
 608603.678 20  76.0
 608874.829 20  77.0
 609144.822 20  80.0
 609415.275 20  81.0
 609686.003 20  83.0
 609955.714 20  84.0
 610226.943 20  84.0
 610497.127 20  85.0
 610766.550 20  84.0
 611038.020 20  84.0
 611307.377 20  80.0
 611577.991 20  80.0
 611849.065 20  78.0
 612118.996 20  77.0
 612389.942 20  77.0
 612660.104 20  78.0
 612929.877 20  77.0
 613201.027 20  75.0
 613470.665 20  75.0
 613740.902 20  74.0
 614011.688 20  73.0
 614281.709 20  69.0
 614552.386 20  69.0
 614822.750 20  65.0
 615092.783 20  65.0
 615363.909 20  64.0
 615634.102 20  62.0
 615903.670 20  65.0
 616174.744 20  62.0
 616444.247 20  59.0
 616714.995 20  62.0
 616985.640 20  62.0
 617255.340 20  61.0
 617526.785 20  62.0
 617796.960 20  61.0
 618066.677 20  64.0
 618337.923 20  67.0
 618607.367 20  68.0
 618878.068 20  69.0
 619148.496 20  66.0
 619418.345 20  69.0
 619689.339 20  68.0
 619959.426 20  66.0
 620229.670 20  71.0
 620500.672 20  73.0
 620770.873 20  74.0
 621041.351 20  75.0
 621311.923 20  74.0
 621581.418 20  75.0
 621852.299 20  74.0
 622122.593 20  75.0
 622392.451 20  73.0
 622663.731 20  74.0
 622933.997 20  75.0
 623204.182 20  75.0
 623474.925 20  76.0
 623744.469 20  77.0
 624015.469 20  81.0
 624285.809 20  82.0
 624555.252 20  79.0
 624826.462 20  82.0
 625096.345 20  78.0
 625366.823 20  81.0
 625637.580 20  82.0
 625907.487 20  83.0
 626178.649 20  78.0
 626449.066 20  78.0
 626718.508 20  77.0
 626989.794 20  77.0
 627259.344 20  77.0
 627529.807 20  77.0
 627800.676 20  78.0
 628070.811 20  75.0
 628341.527 20  77.0
 628611.862 20  80.0
 628881.666 20  82.0
 629152.776 20  84.0
 629422.953 20  84.0
 629692.673 20  83.0
 629963.489 20  80.0
 630233.319 20  77.0
 630504.060 20  78.0
 630774.637 20  75.0
 631044.407 20  74.0
 631315.821 20  75.0
 631586.218 20  77.0
 631855.834 20  75.0
 632127.025 20  72.0
 632396.188 20  72.0
 632667.075 20  76.0
 632937.753 20  84.0
 633207.418 20  82.0
 633478.723 20  83.0
 633748.887 20  81.0
 634019.015 20  82.0
 634289.838 20  83.0
 634559.821 20  84.0
 634830.325 20  86.0
 635100.779 20  87.0
 635370.349 20  83.0
 635641.212 20  83.0
 635911.501 20  81.0
 636181.533 20  83.0
 636452.627 20  85.0
 636723.084 20  85.0
 636993.291 20  85.0
 637264.102 20  85.0
 637533.325 20  85.0
 637804.436 20  85.0
 638074.900 20  84.0
 638344.170 20  86.0
 638615.540 20  87.0
 638885.701 20  94.0
 639156.165 20  93.0
 639426.813 20  93.0
 639696.515 20  94.0
 639967.489 20  98.0
 640237.869 20  97.0
 640507.409 20  97.0
 640778.402 20  95.0
 641048.237 20  92.0
 641318.702 20  93.0
 641589.466 20  91.0
 641859.574 20  90.0
 642130.351 20  92.0
 642400.956 20  93.0
 642670.390 20  95.0
 642941.360 20  98.0
 643211.580 20  97.0
 643481.229 20  97.0
 643752.341 20  98.0
 644022.420 20  95.0
 644293.018 20  92.0
 644563.650 20  94.0
 644833.233 20  93.0
 645104.201 20  93.0
 645374.672 20  89.0
 645644.301 20  89.0
 645915.336 20  88.0
 646184.879 20  87.0
 646455.564 20  87.0
 646726.208 20  84.0
 646995.969 20  84.0
 647267.106 20  83.0
 647537.626 20  82.0
 647807.407 20  82.0
 648078.354 20  81.0
 648347.797 20  80.0
 648618.262 20  80.0
 648889.103 20  79.0
 649158.877 20  79.0
 649429.913 20  80.0
 649700.489 20  83.0
 649970.502 20  78.0
 650241.352 20  79.0
 650511.635 20  78.0
 650781.904 20  79.0
 651052.772 20  81.0
 651322.010 20  82.0
 651592.801 20  83.0
 651863.414 20  80.0
 652133.075 20  78.0
 652404.275 20  79.0
 652674.667 20  79.0
 652944.888 20  77.0
 653215.918 20  78.0
 653485.059 20  84.0
 653756.234 20  82.0
 654026.754 20  80.0
 654296.227 20  81.0
 654567.342 20  79.0
 654837.442 20  76.0
 655107.902 20  75.0
 655378.591 20  78.0
 655648.564 20  81.0
 655919.384 20  80.0
 656189.978 20  81.0
 656459.394 20  81.0
 656730.222 20  81.0
 657000.440 20  81.0
 657270.487 20  81.0
 657541.408 20  78.0
 657811.524 20  78.0
 658082.262 20  76.0
 658353.067 20  76.0
 658622.522 20  77.0
 658893.486 20  77.0
 659163.976 20  79.0
 659433.524 20  79.0
 659704.599 20  79.0
 659974.287 20  80.0
 660244.999 20  79.0
 660515.676 20  80.0
 660785.360 20  75.0
 661056.322 20  79.0
 661326.786 20  77.0
 661596.581 20  75.0
 661867.630 20  75.0
 662136.975 20  78.0
 662407.557 20  79.0
 662678.281 20  79.0
 662947.974 20  83.0
 663218.963 20  82.0
 663489.700 20  84.0
 663759.575 20  87.0
 664030.397 20  85.0
 664300.616 20  84.0
 664570.516 20  84.0
 664841.409 20  87.0
 665111.013 20  85.0
 665381.773 20  83.0
 665652.435 20  84.0
 665922.281 20  82.0
 666193.059 20  82.0
 666463.371 20  86.0
 666733.457 20  83.0
 667004.712 20  81.0
 667273.675 20  82.0
 667544.553 20  78.0
 667815.160 20  81.0
 668084.790 20  80.0
 668355.856 20  81.0
 668626.214 20  85.0
 668896.647 20  81.0
 669167.563 20  82.0
 669437.293 20  84.0
 669707.980 20  85.0
 669978.645 20  85.0
 670248.197 20  86.0
 670519.001 20  85.0
 670789.255 20  83.0
 671059.502 20  83.0
 671330.247 20  83.0
 671600.239 20  78.0
 671870.726 20  76.0
 672141.807 20  78.0
 672410.991 20  77.0
 672681.788 20  76.0
 672952.337 20  78.0
 673221.935 20  76.0
 673493.098 20  74.0
 673762.924 20  74.0
 674033.807 20  74.0
 674304.768 20  70.0
 674574.269 20  72.0
 674845.127 20  67.0
 675115.642 20  69.0
 675385.440 20  69.0
 675656.495 20  68.0
 675925.983 20  68.0
 676196.544 20  64.0
 676467.240 20  68.0
 676737.083 20  66.0
 677007.794 20  64.0
 677278.534 20  62.0
 677548.400 20  63.0
 677819.248 20  67.0
 678089.228 20  65.0
 678359.216 20  64.0
 678630.171 20  63.0
 678899.722 20  61.0
 679170.574 20  61.0
 679441.546 20  61.0
 679711.316 20  57.0
 679982.114 20  55.0
 680252.443 20  53.0
 680522.256 20  50.0
 680793.471 20  49.0
 681062.647 20  48.0
 681333.392 20  40.0
 681604.162 20  41.0
 681873.955 20  40.0
 682144.931 20  42.0
 682415.129 20  41.0
 682685.497 20  43.0
 682956.657 20  43.0
 683225.979 20  42.0
 683496.483 20  43.0
 683767.329 20  40.0
 684036.817 20  38.0
 684307.867 20  36.0
 684578.314 20  38.0
 684848.601 20  37.0
 685119.441 20  35.0
 685389.527 20  36.0
 685659.816 20  36.0
 685930.754 20  35.0
 686200.143 20  35.0
 686470.819 20  33.0
 686741.266 20  33.0
 687011.113 20  30.0
 687282.071 20  28.0
 687551.968 20  30.0
 687822.666 20  25.0
 688093.808 20  27.0
 688363.084 20  24.0
 688633.942 20  27.0
 688904.495 20  30.0
 689174.064 20  27.0
 689445.362 20  24.0
 689714.909 20  25.0
 689985.613 20  23.0
 690256.490 20  24.0
 690526.358 20  23.0
 690796.914 20  19.0
 691067.415 20  17.0
 691337.294 20  19.0
 691608.156 20  17.0
 691877.962 20  15.0
 692148.187 20  15.0
 692419.041 20  11.0
 692688.858 20  12.0
 692959.434 20  11.0
 693230.595 20  13.0
 693500.341 20   9.0
 693771.211 20  10.0
 694041.364 20  10.0
 694310.890 20   8.0
 694582.366 20   9.0
 694851.526 20   9.0
 695122.344 20  10.0
 695393.345 20  12.0
 695663.211 20  13.0
 695934.044 20  12.0
 696204.230 20  12.0
 696474.386 20   8.0
 696745.597 20   5.0
 697014.800 20   9.0
 697285.316 20  10.0
 697556.040 20  12.0
 697825.865 20  12.0
 698096.684 20  12.0
 698367.097 20  12.0
 698637.492 20   9.0
 698908.597 20  10.0
 699178.565 20  13.0
 699448.608 20  11.0
 699719.756 20  10.0
 699989.165 20  11.0
 700259.839 20   9.0
 700530.419 20   6.0
 700800.424 20   4.0
 701071.358 20   3.0
 701341.312 20   5.0
 701611.559 20   5.0
 701882.785 20   0.0
 702152.025 20   1.0
 702422.741 20  -1.0
 702693.237 20   1.0
 702962.946 20   2.0
 703234.081 20   2.0
 703503.727 20  -2.0
 703774.343 20   0.0
 704045.624 20  -1.0
 704315.470 20  -4.0
 704586.031 20  -5.0
 704856.607 20  -5.0
 705126.407 20  -5.0
 705397.399 20  -4.0
 705667.142 20  -2.0
 705937.483 20  -1.0
 706208.319 20  -1.0
 706478.308 20   2.0
 706748.773 20  -1.0
 707019.456 20  -1.0
 707289.317 20  -3.0
 707560.372 20  -2.0
 707830.391 20  -2.0
 708100.046 20  -2.0
 708371.200 20  -3.0
 708640.760 20  -4.0
 708911.458 20  -3.0
 709182.629 20  -8.0
 709452.416 20  -5.0
 709723.369 20  -3.0
 709993.550 20  -3.0
 710263.434 20  -5.0
 710534.704 20  -6.0
 710803.939 20  -6.0
 711074.554 20  -6.0
 711345.306 20  -8.0
 711615.337 20  -4.0
 711886.168 20  -2.0
 712156.250 20  -4.0
 712426.565 20  -1.0
 712697.660 20  -4.0
 712967.461 20  -3.0
 713237.488 20  -7.0
 713508.483 20  -6.0
 713777.958 20  -6.0
 714048.723 20  -8.0
 714319.314 20 -13.0
 714589.338 20 -10.0
 714860.535 20 -13.0
 715130.671 20 -16.0
 715400.553 20 -19.0
 715671.786 20 -15.0
 715941.147 20 -17.0
 716211.877 20 -14.0
 716482.306 20 -17.0
 716752.163 20 -18.0
 717023.196 20 -21.0
 717293.026 20 -22.0
 717563.453 20 -22.0
 717834.590 20 -20.0
 718104.209 20 -18.0
 718374.952 20 -18.0
 718645.405 20 -19.0
 718915.039 20 -14.0
 719186.144 20 -14.0
 719455.847 20 -14.0
 719726.258 20 -18.0
 719997.441 20 -15.0
 720267.578 20 -18.0
 720537.782 20 -18.0
 720808.456 20 -19.0
 721078.112 20 -19.0
 721349.021 20 -16.0
 721619.174 20 -15.0
 721888.947 20 -14.0
 722160.070 20 -17.0
 722429.960 20 -20.0
 722700.411 20 -23.0
 722971.438 20 -25.0
 723241.135 20 -26.0
 723512.247 20 -30.0
 723782.495 20 -34.0
 724052.005 20 -34.0
 724323.530 20 -36.0
 724592.669 20 -37.0
 724863.202 20 -41.0
 725134.291 20 -41.0
 725404.338 20 -44.0
 725675.117 20 -46.0
 725945.280 20 -46.0
 726215.235 20 -43.0
 726486.321 20 -46.0
 726756.126 20 -43.0
 727026.207 20 -42.0
 727296.937 20 -42.0
 727566.966 20 -42.0
 727837.629 20 -42.0
 728108.068 20 -44.0
 728378.153 20 -45.0
 728649.489 20 -44.0
 728919.801 20 -44.0
 729189.493 20 -42.0
 729460.757 20 -38.0
 729729.978 20 -41.0
 730000.767 20 -38.0
 730271.395 20 -36.0
 730541.184 20 -38.0
 730812.390 20 -35.0
 731082.430 20 -38.0
 731352.542 20 -39.0
 731623.668 20 -38.0
 731893.296 20 -38.0
 732164.057 20 -39.0
 732434.393 20 -44.0
 732704.211 20 -43.0
 732975.206 20 -43.0
 733245.020 20 -45.0
 733515.382 20 -46.0
 733786.668 20 -47.0
 734056.958 20 -49.0
 734327.230 20 -50.0
 734597.799 20 -51.0
 734867.372 20 -53.0
 735138.374 20 -52.0
 735408.498 20 -50.0
 735678.215 20 -50.0
 735949.404 20 -48.0
 736219.476 20 -51.0
 736489.836 20 -48.0
 736760.599 20 -45.0
 737030.254 20 -46.0
 737301.428 20 -49.0
 737571.606 20 -54.0
 737841.084 20 -54.0
 738112.462 20 -54.0
 738381.967 20 -51.0
 738652.546 20 -50.0
 738923.606 20 -48.0
 739193.467 20 -48.0
 739464.470 20 -50.0
 739734.627 20 -51.0
 740004.238 20 -54.0
 740275.527 20 -53.0
 740545.065 20 -53.0
 740815.255 20 -57.0
 741086.086 20 -58.0
 741356.269 20 -58.0
 741626.917 20 -60.0
 741897.230 20 -61.0
 742167.135 20 -61.0
 742438.136 20 -63.0
 742708.292 20 -66.0
 742977.898 20 -67.0
 743248.934 20 -64.0
 743518.631 20 -65.0
 743789.270 20 -66.0
 744059.887 20 -67.0
 744329.647 20 -67.0
 744601.045 20 -68.0
 744871.360 20 -69.0
 745140.831 20 -68.0
 745412.181 20 -63.0
 745681.436 20 -69.0
 745952.143 20 -70.0
 746222.793 20 -75.0
 746492.720 20 -75.0
 746763.707 20 -74.0
 747033.927 20 -76.0
 747304.032 20 -79.0
 747574.979 20 -79.0
 747845.134 20 -83.0
 748115.446 20 -82.0
 748386.042 20 -80.0
 748655.713 20 -80.0
 748926.591 20 -86.0
 749196.840 20 -87.0
 749466.770 20 -86.0
 749737.988 20 -86.0
 750008.404 20 -87.0
 750278.407 20 -89.0
 750549.225 20 -87.0
 750818.439 20 -90.0
 751089.576 20 -93.0
 751360.072 20 -90.0
 751629.474 20 -88.0
 751900.810 20 -89.0
 752170.922 20 -87.0
 752441.360 20 -85.0
 752712.089 20 -86.0
 752981.838 20 -87.0
 753252.849 20 -88.0
 753523.265 20 -86.0
 753792.712 20 -89.0
 754063.833 20 -84.0
 754333.636 20 -88.0
 754604.052 20 -89.0
 754874.880 20 -90.0
 755145.082 20 -88.0
 755415.801 20 -89.0
 755686.271 20 -89.0
 755955.861 20 -91.0
 756227.019 20 -93.0
 756497.210 20 -90.0
 756766.830 20 -90.0
 757037.781 20 -87.0
 757307.777 20 -86.0
 757578.440 20 -84.0
 757849.054 20 -89.0
 758118.809 20 -88.0
 758390.078 20 -88.0
 758660.468 20 -88.0
 758929.933 20 -87.0
 759201.146 20 -88.0
 759470.453 20 -85.0
 759741.191 20 -87.0
 760011.924 20 -85.0
 760281.640 20 -86.0
 760553.048 20 -87.0
 760823.371 20 -87.0
 761093.306 20 -86.0
 761364.269 20 -86.0
 761634.236 20 -88.0
 761904.621 20 -86.0
 762175.066 20 -91.0
 762444.825 20 -86.0
 762715.697 20 -87.0
 762986.019 20 -87.0
 763256.049 20 -85.0
 763526.934 20 -87.0
 763797.330 20 -91.0
 764067.443 20 -86.0
 764338.322 20 -84.0
 764607.511 20 -85.0
 764878.439 20 -87.0
 765149.024 20 -89.0
 765418.453 20 -91.0
 765689.827 20 -92.0
 765960.150 20 -91.0
 766230.477 20 -86.0
 766501.222 20 -88.0
 766770.760 20 -89.0
 767041.674 20 -89.0
 767312.132 20 -90.0
 767581.681 20 -92.0
 767852.691 20 -93.0
 768122.717 20 -95.0
 768393.129 20 -94.0
 768663.818 20 -93.0
 768933.910 20 -92.0
 769204.583 20 -91.0
 769475.213 20 -87.0
 769744.535 20 -85.0
 770015.487 20 -82.0
 770285.823 20 -85.0
 770555.661 20 -86.0
 770826.636 20 -84.0
 771096.830 20 -79.0
 771367.400 20 -77.0
 771638.204 20 -76.0
 771907.625 20 -79.0
 772178.706 20 -76.0
 772449.175 20 -83.0
 772718.646 20 -84.0
 772989.767 20 -80.0
 773259.426 20 -77.0
 773530.137 20 -76.0
 773800.803 20 -76.0
 774070.517 20 -81.0
 774341.645 20 -79.0
 774612.156 20 -80.0
 774881.835 20 -88.0
 775152.839 20 -87.0
 775422.275 20 -87.0
 775692.756 20 -90.0
 775963.563 20 -90.0
 776233.330 20 -91.0
 776504.383 20 -90.0
 776775.049 20 -91.0
 777044.946 20 -93.0
 777315.698 20 -93.0
 777585.986 20 -92.0
 777856.042 20 -93.0
 778126.934 20 -95.0
 778396.409 20 -94.0
 778667.105 20 -89.0
 778937.765 20 -86.0
 779207.545 20 -88.0
 779478.577 20 -84.0
 779748.919 20 -81.0
 780019.066 20 -79.0
 780290.197 20 -78.0
 780559.181 20 -75.0
 780830.245 20 -77.0
 781100.969 20 -78.0
 781370.405 20 -78.0
 781641.670 20 -74.0
 781911.905 20 -73.0
 782182.285 20 -72.0
 782453.017 20 -70.0
 782722.954 20 -68.0
 782993.605 20 -68.0
 783264.211 20 -68.0
 783533.634 20 -71.0
 783804.410 20 -67.0
 784074.732 20 -65.0
 784344.844 20 -65.0
 784615.643 20 -71.0
 784885.731 20 -70.0
 785156.352 20 -76.0
 785427.411 20 -75.0
 785696.494 20 -73.0
 785967.394 20 -71.0
 786238.023 20 -70.0
 786507.311 20 -69.0
 786778.535 20 -70.0
 787048.498 20 -69.0
 787319.231 20 -73.0
 787590.049 20 -72.0
 787859.621 20 -73.0
 788130.514 20 -68.0
 788401.003 20 -67.0
 788670.734 20 -65.0
 788941.720 20 -64.0
 789211.262 20 -65.0
 789481.778 20 -68.0
 789752.476 20 -69.0
 790022.356 20 -70.0
 790293.200 20 -70.0
 790563.951 20 -71.0
 790833.662 20 -69.0
 791104.488 20 -72.0
 791374.642 20 -73.0
 791644.383 20 -68.0
 791915.522 20 -72.0
 792185.036 20 -75.0
 792455.938 20 -74.0
 792726.792 20 -75.0
 792996.578 20 -73.0
 793267.412 20 -78.0
 793537.763 20 -72.0
 793807.632 20 -72.0
 794078.861 20 -71.0
 794347.992 20 -72.0
 794618.780 20 -75.0
 794889.433 20 -70.0
 795159.189 20 -68.0
 795430.108 20 -68.0
 795700.471 20 -69.0
 795970.844 20 -68.0
 796241.791 20 -67.0
 796511.085 20 -68.0
 796781.641 20 -70.0
 797052.543 20 -72.0
 797322.044 20 -72.0
 797592.962 20 -69.0
 797863.493 20 -70.0
 798133.699 20 -72.0
 798404.460 20 -71.0
 798674.499 20 -73.0
 798944.662 20 -71.0
 799215.722 20 -72.0
 799484.925 20 -70.0
 799755.653 20 -72.0
 800026.277 20 -68.0
 800296.109 20 -63.0
 800567.068 20 -64.0
 800837.040 20 -63.0
 801107.711 20 -60.0
 801378.943 20 -58.0
 801648.100 20 -61.0
 801918.960 20 -62.0
 802189.657 20 -60.0
 802459.161 20 -63.0
 802730.398 20 -64.0
 803000.150 20 -65.0
 803270.684 20 -63.0
 803541.476 20 -67.0
 803811.357 20 -66.0
 804081.841 20 -71.0
 804352.544 20 -71.0
 804622.228 20 -71.0
 804892.992 20 -73.0
 805163.143 20 -70.0
 805433.239 20 -75.0
 805704.082 20 -73.0
 805973.905 20 -71.0
 806244.570 20 -74.0
 806515.816 20 -72.0
 806785.428 20 -73.0
 807056.377 20 -76.0
 807326.771 20 -80.0
 807596.269 20 -83.0
 807867.657 20 -83.0
 808136.918 20 -86.0
 808407.692 20 -89.0
 808678.566 20 -89.0
 808948.375 20 -89.0
 809219.124 20 -90.0
 809489.422 20 -88.0
 809759.609 20 -86.0
 810030.760 20 -85.0
 810300.015 20 -82.0
 810570.570 20 -84.0
 810841.312 20 -86.0
 811111.033 20 -85.0
 811381.795 20 -88.0
 811652.374 20 -88.0
 811922.572 20 -88.0
 812193.594 20 -83.0
 812463.697 20 -85.0
 812733.599 20 -89.0
 813004.741 20 -88.0
 813274.042 20 -89.0
 813544.766 20 -87.0
 813815.413 20 -86.0
 814085.325 20 -86.0
 814356.238 20 -85.0
 814626.268 20 -85.0
 814896.642 20 -86.0
 815167.795 20 -86.0
 815436.945 20 -83.0
 815707.665 20 -84.0
 815978.263 20 -83.0
 816248.050 20 -80.0
 816519.134 20 -83.0
 816788.929 20 -84.0
 817059.607 20 -82.0
 817330.703 20 -78.0
 817600.467 20 -79.0
 817870.855 20 -81.0
 818141.487 20 -82.0
 818411.093 20 -81.0
 818682.016 20 -81.0
 818952.078 20 -80.0
 819222.316 20 -76.0
 819493.196 20 -78.0
 819763.178 20 -77.0
 820033.517 20 -73.0
 820304.465 20 -71.0
 820574.058 20 -71.0
 820844.967 20 -76.0
 821115.128 20 -76.0
 821384.834 20 -74.0
 821656.039 20 -76.0
 821925.606 20 -77.0
 822196.212 20 -78.0
 822467.476 20 -76.0
 822737.124 20 -80.0
 823008.011 20 -78.0
 823278.231 20 -80.0
 823547.826 20 -80.0
 823819.243 20 -83.0
 824088.590 20 -81.0
 824359.071 20 -76.0
 824629.962 20 -77.0
 824900.018 20 -76.0
 825170.587 20 -76.0
 825441.036 20 -78.0
 825711.144 20 -80.0
 825982.281 20 -80.0
 826252.092 20 -78.0
 826521.984 20 -77.0
 826793.192 20 -78.0
 827062.774 20 -78.0
 827333.371 20 -73.0
 827604.334 20 -73.0
 827874.255 20 -73.0
 828145.336 20 -77.0
 828415.426 20 -77.0
 828685.122 20 -80.0
 828956.479 20 -81.0
 829225.688 20 -81.0
 829496.477 20 -82.0
 829767.155 20 -79.0
 830037.057 20 -80.0
 830308.046 20 -82.0
 830577.993 20 -81.0
 830848.348 20 -85.0
 831119.578 20 -85.0
 831389.064 20 -84.0
 831659.474 20 -81.0
 831930.129 20 -79.0
 832199.852 20 -78.0
 832470.806 20 -80.0
 832740.871 20 -82.0
 833011.201 20 -81.0
 833282.316 20 -81.0
 833552.443 20 -81.0
 833822.566 20 -83.0
 834093.367 20 -84.0
 834363.014 20 -82.0
 834633.844 20 -84.0
 834904.081 20 -83.0
 835173.901 20 -82.0
 835444.933 20 -81.0
 835714.866 20 -78.0
 835985.288 20 -73.0
 836256.390 20 -75.0
 836525.997 20 -77.0
 836797.029 20 -78.0
 837067.246 20 -77.0
 837336.758 20 -74.0
 837608.073 20 -71.0
 837877.446 20 -75.0
 838148.017 20 -75.0
 838419.182 20 -72.0
 838689.292 20 -73.0
 838959.860 20 -74.0
 839230.121 20 -71.0
 839499.999 20 -71.0
 839771.058 20 -72.0
 840040.830 20 -73.0
 840310.841 20 -71.0
 840581.812 20 -70.0
 840851.780 20 -69.0
 841122.286 20 -66.0
 841392.848 20 -63.0
 841662.737 20 -58.0
 841934.030 20 -57.0
 842204.263 20 -58.0
 842473.579 20 -56.0
 842745.050 20 -57.0
 843014.355 20 -57.0
 843285.013 20 -61.0
 843555.951 20 -62.0
 843825.818 20 -59.0
 844096.926 20 -56.0
 844367.025 20 -53.0
 844636.933 20 -51.0
 844908.065 20 -53.0
 845177.558 20 -54.0
 845448.066 20 -52.0
 845718.719 20 -53.0
 845988.710 20 -50.0
 846259.521 20 -49.0
 846529.562 20 -48.0
 846799.693 20 -47.0
 847070.871 20 -45.0
 847341.106 20 -41.0
 847610.930 20 -40.0
 847881.752 20 -42.0
 848151.199 20 -42.0
 848422.041 20 -40.0
 848692.495 20 -37.0
 848962.250 20 -39.0
 849233.759 20 -37.0
 849503.957 20 -36.0
 849773.837 20 -33.0
 850044.880 20 -31.0
 850314.215 20 -28.0
 850585.062 20 -31.0
 850855.491 20 -30.0
 851125.280 20 -29.0
 851396.399 20 -33.0
 851666.308 20 -32.0
 851936.568 20 -32.0
 852207.518 20 -30.0
 852477.475 20 -32.0
 852748.188 20 -28.0
 853018.459 20 -29.0
 853287.995 20 -25.0
 853559.024 20 -26.0
 853829.101 20 -25.0
 854099.196 20 -25.0
 854370.333 20 -25.0
 854640.680 20 -24.0
 854910.971 20 -24.0
 855181.634 20 -25.0
 855451.193 20 -26.0
 855722.216 20 -27.0
 855992.554 20 -27.0
 856262.110 20 -27.0
 856533.287 20 -26.0
 856803.230 20 -26.0
 857073.688 20 -27.0
 857344.398 20 -28.0
 857614.238 20 -28.0
 857885.419 20 -31.0
 858155.701 20 -30.0
 858425.031 20 -31.0
 858696.384 20 -32.0
 858965.896 20 -31.0
 859236.513 20 -35.0
 859507.418 20 -36.0
 859777.528 20 -38.0
 860048.381 20 -37.0
 860318.648 20 -35.0
 860588.505 20 -36.0
 860859.612 20 -32.0
 861129.777 20 -29.0
 861399.683 20 -26.0
 861670.411 20 -28.0
 861940.257 20 -30.0
 862210.957 20 -32.0
 862481.395 20 -34.0
 862751.210 20 -35.0
 863022.451 20 -38.0
 863292.879 20 -38.0
 863562.615 20 -33.0
 863833.731 20 -32.0
 864102.810 20 -31.0
 864373.771 20 -35.0
 864644.426 20 -38.0
 864914.010 20 -33.0
 865185.468 20 -34.0
 865455.635 20 -37.0
 865725.792 20 -37.0
 865996.694 20 -38.0
 866266.400 20 -40.0
 866537.101 20 -38.0
 866807.419 20 -39.0
 867076.979 20 -39.0
 867347.970 20 -43.0
 867618.049 20 -43.0
 867888.208 20 -42.0
 868159.022 20 -45.0
 868429.406 20 -44.0
 868699.849 20 -40.0
 868970.463 20 -41.0
 869239.656 20 -46.0
 869510.714 20 -48.0
 869781.147 20 -49.0
 870050.692 20 -48.0
 870322.028 20 -50.0
 870592.289 20 -48.0
 870862.586 20 -47.0
 871133.413 20 -45.0
 871402.912 20 -42.0
 871673.914 20 -42.0
 871944.297 20 -44.0
 872213.725 20 -46.0
 872484.951 20 -45.0
 872754.836 20 -48.0
 873025.317 20 -45.0
 873295.976 20 -44.0
 873565.943 20 -44.0
 873836.904 20 -43.0
 874107.463 20 -44.0
 874376.898 20 -39.0
 874648.003 20 -35.0
 874918.133 20 -36.0
 875188.172 20 -39.0
 875459.196 20 -38.0
 875729.281 20 -39.0
 875999.976 20 -40.0
 876270.520 20 -41.0
 876540.285 20 -36.0
 876811.211 20 -33.0
 877081.589 20 -29.0
 877351.210 20 -30.0
 877622.118 20 -35.0
 877891.717 20 -33.0
 878162.470 20 -36.0
 878433.129 20 -37.0
 878702.821 20 -33.0
 878974.038 20 -33.0
 879244.584 20 -35.0
 879514.562 20 -36.0
 879785.538 20 -35.0
 880054.788 20 -34.0
 880325.563 20 -34.0
 880596.324 20 -38.0
 880865.956 20 -35.0
 881137.041 20 -35.0
 881407.364 20 -32.0
 881677.577 20 -32.0
 881948.230 20 -31.0
 882218.358 20 -31.0
 882488.717 20 -32.0
 882759.335 20 -32.0
 883028.800 20 -32.0
 883299.724 20 -31.0
 883570.137 20 -28.0
 883839.973 20 -30.0
 884111.009 20 -28.0
 884381.318 20 -32.0
 884651.719 20 -32.0
 884922.729 20 -32.0
 885191.849 20 -28.0
 885462.997 20 -28.0
 885733.506 20 -27.0
 886002.773 20 -27.0
 886274.074 20 -24.0
 886544.083 20 -23.0
 886814.579 20 -21.0
 887085.273 20 -22.0
 887355.002 20 -20.0
 887625.873 20 -22.0
 887896.363 20 -20.0
 888165.845 20 -19.0
 888436.797 20 -16.0
 888706.868 20 -16.0
 888977.154 20 -16.0
 889247.917 20 -14.0
 889517.914 20 -18.0
 889788.804 20 -24.0
 890059.690 20 -22.0
 890329.183 20 -23.0
 890600.177 20 -22.0
 890870.617 20 -22.0
 891140.168 20 -19.0
 891411.234 20 -19.0
 891680.995 20 -21.0
 891951.687 20 -20.0
 892222.389 20 -15.0
 892492.042 20 -12.0
 892762.996 20 -10.0
 893033.421 20 -11.0
 893303.341 20 -10.0
 893574.337 20 -10.0
 893843.640 20 -16.0
 894114.355 20 -11.0
 894385.090 20 -11.0
 894654.802 20 -13.0
 894925.895 20 -14.0
 895196.516 20 -14.0
 895466.532 20 -14.0
 895737.343 20 -12.0
 896007.350 20 -13.0
 896277.412 20 -13.0
 896548.212 20 -15.0
 896817.748 20 -12.0
 897088.582 20 -12.0
 897359.208 20 -14.0
 897629.180 20 -10.0
 897899.879 20 -13.0
 898170.169 20 -12.0
 898440.388 20 -10.0
 898711.511 20 -15.0
 898980.472 20 -18.0
 899251.397 20 -19.0
 899522.094 20 -18.0
 899791.645 20 -18.0
 900062.721 20 -15.0
 900332.957 20 -15.0
 900603.527 20 -18.0
 900874.482 20 -21.0
 901143.884 20 -24.0
 901414.736 20 -19.0
 901685.324 20 -22.0
 901954.860 20 -23.0
 902225.897 20 -26.0
 902495.948 20 -27.0
 902766.286 20 -31.0
 903036.982 20 -32.0
 903306.955 20 -36.0
 903577.589 20 -37.0
 903848.552 20 -35.0
 904117.993 20 -31.0
 904388.901 20 -30.0
 904659.234 20 -26.0
 904929.039 20 -24.0
 905200.223 20 -23.0
 905470.002 20 -23.0
 905740.744 20 -21.0
 906011.677 20 -21.0
 906281.349 20 -22.0
 906552.189 20 -24.0
 906822.552 20 -27.0
 907092.231 20 -26.0
 907363.403 20 -25.0
 907632.794 20 -25.0
 907903.585 20 -28.0
 908174.297 20 -30.0
 908444.106 20 -29.0
 908715.070 20 -29.0
 908985.704 20 -31.0
 909255.872 20 -32.0
 909526.776 20 -33.0
 909796.319 20 -33.0
 910066.644 20 -34.0
 910337.667 20 -34.0
 910607.146 20 -35.0
 910878.090 20 -39.0
 911148.729 20 -41.0
 911418.762 20 -40.0
 911689.476 20 -39.0
 911959.642 20 -44.0
 912229.842 20 -43.0
 912500.918 20 -42.0
 912770.105 20 -39.0
 913040.825 20 -34.0
 913311.509 20 -32.0
 913581.260 20 -31.0
 913852.219 20 -29.0
 914122.324 20 -27.0
 914392.927 20 -30.0
 914664.077 20 -27.0
 914933.224 20 -26.0
 915204.095 20 -30.0
 915474.757 20 -30.0
 915744.146 20 -27.0
 916015.290 20 -28.0
 916285.272 20 -26.0
 916555.730 20 -26.0
 916826.491 20 -24.0
 917096.427 20 -24.0
 917366.929 20 -24.0
 917637.651 20 -24.0
 917907.185 20 -23.0
 918177.911 20 -24.0
 918448.180 20 -23.0
 918718.172 20 -25.0
 918989.074 20 -25.0
 919258.916 20 -25.0
 919529.594 20 -27.0
 919800.789 20 -24.0
 920070.215 20 -26.0
 920341.107 20 -30.0
 920611.608 20 -30.0
 920880.971 20 -31.0
 921152.429 20 -30.0
 921421.827 20 -29.0
 921692.615 20 -31.0
 921963.434 20 -33.0
 922233.262 20 -36.0
 922503.989 20 -34.0
 922774.358 20 -33.0
 923044.381 20 -37.0
 923315.309 20 -36.0
 923584.746 20 -34.0
 923855.227 20 -39.0
 924126.047 20 -38.0
 924395.904 20 -39.0
 924666.595 20 -40.0
 924937.376 20 -37.0
 925207.424 20 -38.0
 925478.321 20 -38.0
 925748.370 20 -37.0
 926017.994 20 -36.0
 926289.301 20 -36.0
 926558.514 20 -37.0
 926829.344 20 -36.0
 927100.259 20 -33.0
 927370.170 20 -33.0
 927641.019 20 -31.0
 927911.127 20 -33.0
 928181.352 20 -30.0
 928452.643 20 -27.0
 928721.678 20 -26.0
 928992.340 20 -27.0
 929263.046 20 -28.0
 929532.872 20 -29.0
 929803.852 20 -28.0
 930073.883 20 -27.0
 930344.358 20 -27.0
 930615.443 20 -28.0
 930885.128 20 -27.0
 931155.326 20 -23.0
 931426.286 20 -23.0
 931695.695 20 -24.0
 931966.601 20 -22.0
 932237.063 20 -25.0
 932507.195 20 -20.0
 932778.045 20 -22.0
 933048.054 20 -20.0
 933318.291 20 -14.0
 933589.415 20 -11.0
 933858.766 20 -16.0
 934129.521 20 -17.0
 934399.990 20 -17.0
 934669.773 20 -21.0
 934940.961 20 -24.0
 935210.575 20 -22.0
 935481.142 20 -20.0
 935752.463 20 -23.0
 936022.129 20 -18.0
 936292.852 20 -17.0
 936563.253 20 -15.0
 936832.841 20 -14.0
 937104.086 20 -13.0
 937373.727 20 -14.0
 937644.207 20 -18.0
 937915.149 20 -20.0
 938185.145 20 -22.0
 938455.660 20 -28.0
 938726.178 20 -27.0
 938996.175 20 -26.0
 939267.263 20 -27.0
 939537.228 20 -23.0
 939806.986 20 -27.0
 940078.102 20 -24.0
 940347.685 20 -29.0
 940618.324 20 -32.0
 940889.375 20 -32.0
 941159.129 20 -33.0
 941430.177 20 -33.0
 941700.344 20 -33.0
 941970.190 20 -31.0
 942241.440 20 -35.0
 942510.599 20 -35.0
 942781.297 20 -37.0
 943052.070 20 -38.0
 943322.072 20 -43.0
 943592.929 20 -41.0
 943862.946 20 -39.0
 944133.310 20 -40.0
 944404.465 20 -42.0
 944674.000 20 -44.0
 944944.217 20 -45.0
 945214.928 20 -45.0
 945484.649 20 -42.0
 945755.454 20 -39.0
 946025.702 20 -36.0
 946295.983 20 -38.0
 946567.171 20 -37.0
 946837.288 20 -39.0
 947107.170 20 -42.0
 947378.275 20 -43.0
 947647.627 20 -43.0
 947918.455 20 -42.0
 948188.901 20 -41.0
 948458.785 20 -41.0
 948729.836 20 -39.0
 948999.752 20 -41.0
 949270.040 20 -44.0
 949541.227 20 -47.0
 949810.696 20 -45.0
 950081.541 20 -44.0
 950351.766 20 -43.0
 950621.409 20 -41.0
 950892.604 20 -41.0
 951162.265 20 -41.0
 951432.683 20 -40.0
 951703.912 20 -41.0
 951974.025 20 -41.0
 952244.387 20 -41.0
 952515.011 20 -41.0
 952784.683 20 -39.0
 953055.785 20 -42.0
 953325.798 20 -45.0
 953595.741 20 -49.0
 953866.879 20 -48.0
 954136.835 20 -45.0
 954407.257 20 -41.0
 954678.061 20 -42.0
 954947.903 20 -44.0
 955219.068 20 -43.0
 955489.166 20 -44.0
 955758.502 20 -43.0
 956029.917 20 -43.0
 956299.272 20 -42.0
 956569.891 20 -42.0
 956840.985 20 -42.0
 957110.896 20 -46.0
 957381.870 20 -44.0
 957652.056 20 -42.0
 957922.040 20 -45.0
 958193.218 20 -46.0
 958462.669 20 -41.0
 958733.009 20 -42.0
 959003.766 20 -43.0
 959273.798 20 -47.0
 959544.538 20 -46.0
 959814.773 20 -44.0
 960084.925 20 -45.0
 960356.088 20 -46.0
 960626.216 20 -44.0
 960895.951 20 -40.0
 961166.937 20 -40.0
 961436.453 20 -42.0
 961707.249 20 -43.0
 961977.897 20 -43.0
 962247.671 20 -47.0
 962518.893 20 -49.0
 962789.066 20 -48.0
 963059.107 20 -51.0
 963330.216 20 -49.0
 963599.646 20 -46.0
 963870.462 20 -42.0
 964140.827 20 -43.0
 964410.603 20 -44.0
 964681.650 20 -40.0
 964951.477 20 -40.0
 965221.828 20 -38.0
 965492.913 20 -39.0
 965762.934 20 -38.0
 966033.500 20 -38.0
 966303.831 20 -37.0
 966573.374 20 -36.0
 966844.445 20 -41.0
 967114.578 20 -40.0
 967384.569 20 -44.0
 967655.792 20 -43.0
 967926.053 20 -41.0
 968196.355 20 -41.0
 968467.016 20 -39.0
 968736.663 20 -41.0
 969007.600 20 -42.0
 969277.836 20 -42.0
 969547.307 20 -43.0
 969818.560 20 -40.0
 970088.380 20 -39.0
 970358.846 20 -38.0
 970629.656 20 -38.0
 970899.456 20 -36.0
 971170.654 20 -36.0
 971440.852 20 -36.0
 971710.249 20 -35.0
 971981.542 20 -37.0
 972251.045 20 -40.0
 972521.529 20 -39.0
 972792.588 20 -37.0
 973062.753 20 -37.0
 973333.491 20 -38.0
 973603.742 20 -40.0
 973873.622 20 -38.0
 974144.673 20 -38.0
 974414.758 20 -39.0
 974684.471 20 -40.0
 974955.351 20 -36.0
 975225.260 20 -39.0
 975495.925 20 -40.0
 975766.448 20 -40.0
 976036.241 20 -39.0
 976307.528 20 -39.0
 976577.889 20 -40.0
 976847.325 20 -43.0
 977118.629 20 -42.0
 977387.841 20 -47.0
 977658.741 20 -49.0
 977929.458 20 -45.0
 978199.126 20 -46.0
 978470.403 20 -47.0
 978740.581 20 -46.0
 979010.666 20 -48.0
 979281.617 20 -49.0
 979551.396 20 -53.0
 979821.930 20 -48.0
 980092.336 20 -48.0
 980362.113 20 -50.0
 980632.991 20 -49.0
 980903.231 20 -47.0
 981173.329 20 -46.0
 981444.309 20 -43.0
 981714.660 20 -44.0
 981984.830 20 -48.0
 982255.527 20 -41.0
 982524.864 20 -39.0
 982795.891 20 -41.0
 983066.482 20 -40.0
 983335.959 20 -42.0
 983607.407 20 -43.0
 983877.578 20 -41.0
 984147.844 20 -38.0
 984418.634 20 -38.0
 984688.354 20 -42.0
 984959.340 20 -44.0
 985229.575 20 -46.0
 985499.055 20 -46.0
 985770.200 20 -45.0
 986040.051 20 -45.0
 986310.559 20 -44.0
 986581.349 20 -44.0
 986851.489 20 -42.0
 987122.398 20 -39.0
 987392.975 20 -41.0
 987662.556 20 -38.0
 987933.611 20 -41.0
 988203.720 20 -38.0
 988473.600 20 -36.0
 988744.502 20 -35.0
 989014.519 20 -36.0
 989285.110 20 -37.0
 989555.662 20 -40.0
 989825.411 20 -40.0
 990096.589 20 -39.0
 990366.928 20 -40.0
 990636.528 20 -38.0
 990907.630 20 -44.0
 991177.044 20 -43.0
 991447.878 20 -46.0
 991718.519 20 -50.0
 991988.094 20 -51.0
 992259.495 20 -53.0
 992529.934 20 -52.0
 992799.884 20 -51.0
 993070.903 20 -51.0
 993340.414 20 -52.0
 993611.143 20 -52.0
 993881.604 20 -57.0
 994151.320 20 -55.0
 994422.297 20 -55.0
 994692.521 20 -55.0
 994962.609 20 -58.0
 995233.381 20 -57.0
 995503.691 20 -56.0
 995773.982 20 -58.0
 996044.609 20 -59.0
 996313.964 20 -60.0
 996584.876 20 -60.0
 996855.338 20 -61.0
 997125.047 20 -62.0
 997396.254 20 -60.0
 997666.659 20 -57.0
 997936.824 20 -58.0
 998207.792 20 -54.0
 998476.998 20 -58.0
 998748.057 20 -59.0
 999018.579 20 -57.0
 999287.923 20 -59.0
 999559.244 20 -57.0
 999829.310 20 -57.0
1000000.000 20 -58.0
