This is TeX, Version 3.14159 (Web2C 7.3.7) (format=latex 2002.12.12)  9 JAN 2004 09:39
**taylor
(./taylor.tex
LaTeX2e <2001/06/01>
Babel <v3.7h> and hyphenation patterns for american, british, french, german, n
german, catalan, italian, spanish, nohyphenation, loaded.
(/usr/share/texmf/tex/latex/base/article.cls
Document Class: article 2001/04/21 v1.4e Standard LaTeX document class
(/usr/share/texmf/tex/latex/base/size12.clo
File: size12.clo 2001/04/21 v1.4e Standard LaTeX file (size option)
)
\c@part=\count79
\c@section=\count80
\c@subsection=\count81
\c@subsubsection=\count82
\c@paragraph=\count83
\c@subparagraph=\count84
\c@figure=\count85
\c@table=\count86
\abovecaptionskip=\skip41
\belowcaptionskip=\skip42
\bibindent=\dimen102
)
(/usr/share/texmf/tex/latex/graphics/graphicx.sty
Package: graphicx 1999/02/16 v1.0f Enhanced LaTeX Graphics (DPC,SPQR)

(/usr/share/texmf/tex/latex/graphics/keyval.sty
Package: keyval 1999/03/16 v1.13 key=value parser (DPC)
\KV@toks@=\toks14
)
(/usr/share/texmf/tex/latex/graphics/graphics.sty
Package: graphics 2001/07/07 v1.0n Standard LaTeX Graphics (DPC,SPQR)

(/usr/share/texmf/tex/latex/graphics/trig.sty
Package: trig 1999/03/16 v1.09 sin cos tan (DPC)
)
(/usr/share/texmf/tex/latex/config/graphics.cfg
File: graphics.cfg 2001/08/31 v1.1 graphics configuration of teTeX/TeXLive
)
Package graphics Info: Driver file: dvips.def on input line 80.

(/usr/share/texmf/tex/latex/graphics/dvips.def
File: dvips.def 1999/02/16 v3.0i Driver-dependant file (DPC,SPQR)
))
\Gin@req@height=\dimen103
\Gin@req@width=\dimen104
)
(/usr/share/texmf/tex/generic/babel/babel.sty
Package: babel 2001/03/01 v3.7h The Babel package

(/usr/share/texmf/tex/generic/babel/english.ldf
Language: english 2001/04/15 v3.3l English support from the babel system

(/usr/share/texmf/tex/generic/babel/babel.def
File: babel.def 2001/03/01 v3.7h Babel common definitions
\babel@savecnt=\count87
\U@D=\dimen105
)
\l@canadian = a dialect from \language\l@english 
))
(/usr/share/texmf/tex/latex/amsfonts/amssymb.sty
Package: amssymb 1996/11/03 v2.2b

(/usr/share/texmf/tex/latex/amsfonts/amsfonts.sty
Package: amsfonts 1997/09/17 v2.2e
\@emptytoks=\toks15
\symAMSa=\mathgroup4
\symAMSb=\mathgroup5
LaTeX Font Info:    Overwriting math alphabet `\mathfrak' in version `bold'
(Font)                  U/euf/m/n --> U/euf/b/n on input line 133.
))
\c@definition=\count88
\c@lemma=\count89
\c@proposition=\count90
\c@theorem=\count91
\c@corollary=\count92
\c@remark=\count93
 (./taylor.aux)
\openout1 = `taylor.aux'.

LaTeX Font Info:    Checking defaults for OML/cmm/m/it on input line 52.
LaTeX Font Info:    ... okay on input line 52.
LaTeX Font Info:    Checking defaults for T1/cmr/m/n on input line 52.
LaTeX Font Info:    ... okay on input line 52.
LaTeX Font Info:    Checking defaults for OT1/cmr/m/n on input line 52.
LaTeX Font Info:    ... okay on input line 52.
LaTeX Font Info:    Checking defaults for OMS/cmsy/m/n on input line 52.
LaTeX Font Info:    ... okay on input line 52.
LaTeX Font Info:    Checking defaults for OMX/cmex/m/n on input line 52.
LaTeX Font Info:    ... okay on input line 52.
LaTeX Font Info:    Checking defaults for U/cmr/m/n on input line 52.
LaTeX Font Info:    ... okay on input line 52.
LaTeX Font Info:    Try loading font information for U+msa on input line 54.

(/usr/share/texmf/tex/latex/amsfonts/umsa.fd
File: umsa.fd 1995/01/05 v2.2e AMS font definitions
)
LaTeX Font Info:    Try loading font information for U+msb on input line 54.

(/usr/share/texmf/tex/latex/amsfonts/umsb.fd
File: umsb.fd 1995/01/05 v2.2e AMS font definitions
) [1

] (./taylor.toc)
\tf@toc=\write3
\openout3 = `taylor.toc'.

 [2] [3]
[4] [5] [6] [7] [8] [9] [10] [11] [12] [13] [14] [15] [16] [17] [18] [19]
[20]
File: eps/esp-1.eps Graphic file (type eps)
 <eps/esp-1.eps>
File: eps/esp-2.eps Graphic file (type eps)
 <eps/esp-2.eps>
File: eps/error-h.eps Graphic file (type eps)
 <eps/error-h.eps> [21] [22]
File: eps/intel.eps Graphic file (type eps)

<eps/intel.eps>
File: eps/nonintel.eps Graphic file (type eps)
 <eps/nonintel.eps> [23] [24]
File: eps/drift-gmp128.eps Graphic file (type eps)
 <eps/drift-gmp128.eps>
File: eps/drift-gmp256.eps Graphic file (type eps)

<eps/drift-gmp256.eps>
File: eps/driftqd1.eps Graphic file (type eps)
 <eps/driftqd1.eps>
File: eps/driftqd2.eps Graphic file (type eps)
 <eps/driftqd2.eps> [25] [26] [27]
[28] (./taylor.bbl [29] [30] [31]) [32] (./taylor.aux) ) 
Here is how much of TeX's memory you used:
 1300 strings out of 10794
 14566 string characters out of 70176
 78401 words of memory out of 263001
 4236 multiletter control sequences out of 10000+0
 16117 words of font info for 63 fonts, out of 400000 for 1000
 48 hyphenation exceptions out of 1000
 25i,12n,24p,634b,364s stack positions out of 300i,100n,500p,50000b,4000s

Output written on taylor.dvi (32 pages, 126184 bytes).
