This is TeX, Version 3.14159 (Web2C 7.3.1) (format=latex 1999.7.19)  13 NOV 2001 09:42
**images.tex
(images.tex
LaTeX2e <1998/12/01> patch level 1
Babel <v3.6x> and hyphenation patterns for american, french, german, ngerman, n
ohyphenation, loaded.

(/usr/share/texmf/tex/latex/base/article.cls
Document Class: article 1999/01/07 v1.4a Standard LaTeX document class
(/usr/share/texmf/tex/latex/base/size10.clo
File: size10.clo 1999/01/07 v1.4a Standard LaTeX file (size option)
)
\c@part=\count79
\c@section=\count80
\c@subsection=\count81
\c@subsubsection=\count82
\c@paragraph=\count83
\c@subparagraph=\count84
\c@figure=\count85
\c@table=\count86
\abovecaptionskip=\skip41
\belowcaptionskip=\skip42
\bibindent=\dimen102
)
\lthtmlwrite=\write3
\sizebox=\box26
(images.aux)
\openout1 = `images.aux'.

LaTeX Font Info:    Checking defaults for OML/cmm/m/it on input line 13.
LaTeX Font Info:    ... okay on input line 13.
LaTeX Font Info:    Checking defaults for T1/cmr/m/n on input line 13.
LaTeX Font Info:    ... okay on input line 13.
LaTeX Font Info:    Checking defaults for OT1/cmr/m/n on input line 13.
LaTeX Font Info:    ... okay on input line 13.
LaTeX Font Info:    Checking defaults for OMS/cmsy/m/n on input line 13.
LaTeX Font Info:    ... okay on input line 13.
LaTeX Font Info:    Checking defaults for OMX/cmex/m/n on input line 13.
LaTeX Font Info:    ... okay on input line 13.
LaTeX Font Info:    Checking defaults for U/cmr/m/n on input line 13.
LaTeX Font Info:    ... okay on input line 13.
LaTeX Font Info:    External font `cmex10' loaded for size
(Font)              <7> on input line 23.
LaTeX Font Info:    External font `cmex10' loaded for size
(Font)              <5> on input line 23.
latex2htmlSize :tex2html_wrap_inline573: 6.67859pt::0.0pt.
[1


]
latex2htmlSize :tex2html_wrap_inline575: 4.30554pt::0.0pt.
[2

]
latex2htmlSize :tex2html_wrap_inline577: 6.15079pt::0.0pt.
[3

]
latex2htmlSize :tex2html_wrap_inline579: 6.15079pt::0.0pt.
[4

]
latex2htmlSize :tex2html_wrap_inline581: 6.94444pt::0.0pt.
[5

]
latex2htmlSize :tex2html_wrap_inline583: 6.94444pt::0.0pt.
[6

]
latex2htmlSize :tex2html_wrap_inline585: 6.94444pt::0.0pt.
[7

]
latex2htmlSize :tex2html_wrap_inline587: 4.30554pt::1.94444pt.
[8

]
latex2htmlSize :tex2html_wrap_inline589: 6.94444pt::1.94444pt.
[9

]
latex2htmlSize :tex2html_wrap_inline591: 9.53845pt::2.5pt.
[10

]
latex2htmlSize :tex2html_wrap_inline599: 6.44444pt::1.35971pt.
[11

] [12

]
latex2htmlSize :tex2html_wrap_inline603: 7.5pt::2.5pt.
[13

]
latex2htmlSize :tex2html_wrap_inline605: 4.44444pt::1.94444pt.
[14

]
latex2htmlSize :tex2html_wrap_inline607: 6.15079pt::1.49998pt.
[15

] [16

]
latex2htmlSize :tex2html_wrap_inline611: 8.87892pt::1.94444pt.
[17

] [18

] [19

] [20

] [21

]
latex2htmlSize :tex2html_wrap_inline625: 8.26085pt::2.5pt.
[22

] [23

]
latex2htmlSize :tex2html_wrap_inline637: 7.5pt::2.5pt.
[24

]
latex2htmlSize :tex2html_wrap_inline645: 5.83333pt::1.94444pt.
[25

] [26

] [27

]
latex2htmlSize :tex2html_wrap_inline651: 7.5pt::2.5pt.
[28

]
latex2htmlSize :tex2html_wrap_inline653: 4.30554pt::1.49998pt.
[29

] [30

] [31

] [32

] [33

] (images.aux)

LaTeX Warning: Label(s) may have changed. Rerun to get cross-references right.

 ) 
Here is how much of TeX's memory you used:
 216 strings out of 61436
 2109 string characters out of 947569
 48175 words of memory out of 263001
 3218 multiletter control sequences out of 10000+60000
 4567 words of font info for 17 fonts, out of 400000 for 1000
 14 hyphenation exceptions out of 1000
 23i,15n,17p,198b,160s stack positions out of 300i,100n,500p,50000b,10000s

Output written on images.dvi (33 pages, 8908 bytes).
