This is pdfeTeX, Version 3.141592-1.21a-2.2 (Web2C 7.5.4) (format=latex 2007.5.27)  18 APR 2008 13:35
entering extended mode
**manual.tex
(./manual.tex
LaTeX2e <2003/12/01>
Babel <v3.8d> and hyphenation patterns for american, french, german, ngerman, b
ahasa, basque, bulgarian, catalan, croatian, czech, danish, dutch, esperanto, e
stonian, finnish, greek, icelandic, irish, italian, latin, magyar, norsk, polis
h, portuges, romanian, russian, serbian, slovak, slovene, spanish, swedish, tur
kish, ukrainian, nohyphenation, loaded.
(/usr/share/texmf-tetex/tex/latex/base/article.cls
Document Class: article 2004/02/16 v1.4f Standard LaTeX document class
(/usr/share/texmf-tetex/tex/latex/base/size10.clo
File: size10.clo 2004/02/16 v1.4f Standard LaTeX file (size option)
)
\c@part=\count79
\c@section=\count80
\c@subsection=\count81
\c@subsubsection=\count82
\c@paragraph=\count83
\c@subparagraph=\count84
\c@figure=\count85
\c@table=\count86
\abovecaptionskip=\skip41
\belowcaptionskip=\skip42
\bibindent=\dimen102
) (./manual.aux)
\openout1 = `manual.aux'.

LaTeX Font Info:    Checking defaults for OML/cmm/m/it on input line 5.
LaTeX Font Info:    ... okay on input line 5.
LaTeX Font Info:    Checking defaults for T1/cmr/m/n on input line 5.
LaTeX Font Info:    ... okay on input line 5.
LaTeX Font Info:    Checking defaults for OT1/cmr/m/n on input line 5.
LaTeX Font Info:    ... okay on input line 5.
LaTeX Font Info:    Checking defaults for OMS/cmsy/m/n on input line 5.
LaTeX Font Info:    ... okay on input line 5.
LaTeX Font Info:    Checking defaults for OMX/cmex/m/n on input line 5.
LaTeX Font Info:    ... okay on input line 5.
LaTeX Font Info:    Checking defaults for U/cmr/m/n on input line 5.
LaTeX Font Info:    ... okay on input line 5.
LaTeX Font Info:    External font `cmex10' loaded for size
(Font)              <12> on input line 6.
LaTeX Font Info:    External font `cmex10' loaded for size
(Font)              <8> on input line 6.
LaTeX Font Info:    External font `cmex10' loaded for size
(Font)              <6> on input line 6.
 [1

]
LaTeX Font Info:    External font `cmex10' loaded for size
(Font)              <7> on input line 88.
LaTeX Font Info:    External font `cmex10' loaded for size
(Font)              <5> on input line 88.
 [2]
[3] [4] [5] [6]
Overfull \hbox (27.74675pt too wide) in paragraph at lines 366--366
[]\OT1/cmtt/m/n/10 taylor -step -jet -o perturbation.c -name perturbation pertu
rbation.eq1[] 
 []

[7]
LaTeX Font Info:    Try loading font information for OMS+cmr on input line 452.

 (/usr/share/texmf-tetex/tex/latex/base/omscmr.fd
File: omscmr.fd 1999/05/25 v2.5h Standard LaTeX font definitions
)
LaTeX Font Info:    Font shape `OMS/cmr/m/n' in size <10> not available
(Font)              Font shape `OMS/cmsy/m/n' tried instead on input line 452.
 [8] [9] [10] [11]
[12] [13] [14] [15] [16] [17] [18] [19] [20] [21] [22] (./manual.aux) )
(\end occurred inside a group at level 1)

### simple group (level 1) entered at line 724 ({)
### bottom level 
Here is how much of TeX's memory you used:
 273 strings out of 94500
 2978 string characters out of 1175805
 55348 words of memory out of 1000000
 3508 multiletter control sequences out of 10000+50000
 9672 words of font info for 35 fonts, out of 500000 for 2000
 580 hyphenation exceptions out of 8191
 23i,15n,19p,153b,306s stack positions out of 1500i,500n,5000p,200000b,5000s

Output written on manual.dvi (22 pages, 56300 bytes).
